('Video width: ', 1680, ', video height: ', 720)
('areaL : ', '200', ', areaH : ', '15000')
('Contour: ', 937, ', ', 82)
('Seed: ', 1, ' predicted x: ', 937, ', y: ', 116, ', age: ', 1, ', updates: ', 0)
('Contour: ', 910, ', ', 246)
('Seed: ', 1, ' predicted x: ', 910, ', y: ', 410, ', age: ', 1, ', updates: ', 1)
('Contour: ', 885, ', ', 418)
('Seed: ', 1, ' predicted x: ', 885, ', y: ', 586, ', age: ', 1, ', updates: ', 2)
('Contour: ', 861, ', ', 600)
('Seed: ', 1, ' predicted x: ', 861, ', y: ', 772, ', age: ', 1, ', updates: ', 3)
('Seed: ', 1, ' predicted x: ', 861, ', y: ', 802, ', age: ', 2, ', updates: ', 3)
('Seed: ', 1, ' predicted x: ', 861, ', y: ', 832, ', age: ', 3, ', updates: ', 3)
('Contour: ', 783, ', ', 31)
('Seed: ', 2, ' predicted x: ', 783, ', y: ', 203, ', age: ', 1, ', updates: ', 0)
('Contour: ', 789, ', ', 153)
('Seed: ', 2, ' predicted x: ', 789, ', y: ', 313, ', age: ', 1, ', updates: ', 1)
('Contour: ', 818, ', ', 267)
('Seed: ', 2, ' predicted x: ', 818, ', y: ', 417, ', age: ', 1, ', updates: ', 2)
('Contour: ', 846, ', ', 391)
('Contour: ', 813, ', ', 123)
('Seed: ', 2, ' predicted x: ', 846, ', y: ', 537, ', age: ', 1, ', updates: ', 3)
('Seed: ', 3, ' predicted x: ', 813, ', y: ', 269, ', age: ', 1, ', updates: ', 0)
('Contour: ', 880, ', ', 510)
('Contour: ', 798, ', ', 273)
('Seed: ', 2, ' predicted x: ', 880, ', y: ', 653, ', age: ', 1, ', updates: ', 4)
('Seed: ', 3, ' predicted x: ', 798, ', y: ', 416, ', age: ', 1, ', updates: ', 1)
('Contour: ', 914, ', ', 640)
('Contour: ', 783, ', ', 441)
('Seed: ', 2, ' predicted x: ', 914, ', y: ', 784, ', age: ', 1, ', updates: ', 5)
('Seed: ', 3, ' predicted x: ', 783, ', y: ', 585, ', age: ', 1, ', updates: ', 2)
('Contour: ', 775, ', ', 591)
('Seed: ', 2, ' predicted x: ', 914, ', y: ', 815, ', age: ', 2, ', updates: ', 5)
('Seed: ', 3, ' predicted x: ', 775, ', y: ', 736, ', age: ', 1, ', updates: ', 3)
('Seed: ', 3, ' predicted x: ', 775, ', y: ', 766, ', age: ', 2, ', updates: ', 3)
('Seed: ', 3, ' predicted x: ', 775, ', y: ', 796, ', age: ', 3, ', updates: ', 3)
('Contour: ', 800, ', ', 13)
('Seed: ', 4, ' predicted x: ', 800, ', y: ', 158, ', age: ', 1, ', updates: ', 0)
('Contour: ', 784, ', ', 130)
('Seed: ', 4, ' predicted x: ', 784, ', y: ', 272, ', age: ', 1, ', updates: ', 1)
('Contour: ', 768, ', ', 271)
('Seed: ', 4, ' predicted x: ', 768, ', y: ', 413, ', age: ', 1, ', updates: ', 2)
('Contour: ', 750, ', ', 429)
('Seed: ', 4, ' predicted x: ', 750, ', y: ', 572, ', age: ', 1, ', updates: ', 3)
('Contour: ', 742, ', ', 589)
('Seed: ', 4, ' predicted x: ', 742, ', y: ', 733, ', age: ', 1, ', updates: ', 4)
('Seed: ', 4, ' predicted x: ', 742, ', y: ', 763, ', age: ', 2, ', updates: ', 4)
('Contour: ', 896, ', ', 3)
('Seed: ', 4, ' predicted x: ', 742, ', y: ', 793, ', age: ', 3, ', updates: ', 4)
('Seed: ', 5, ' predicted x: ', 896, ', y: ', 147, ', age: ', 1, ', updates: ', 0)
('Contour: ', 889, ', ', 90)
('Seed: ', 5, ' predicted x: ', 889, ', y: ', 231, ', age: ', 1, ', updates: ', 1)
('Contour: ', 883, ', ', 229)
('Seed: ', 5, ' predicted x: ', 883, ', y: ', 370, ', age: ', 1, ', updates: ', 2)
('Contour: ', 876, ', ', 386)
('Seed: ', 5, ' predicted x: ', 876, ', y: ', 527, ', age: ', 1, ', updates: ', 3)
('Contour: ', 870, ', ', 558)
('Seed: ', 5, ' predicted x: ', 870, ', y: ', 701, ', age: ', 1, ', updates: ', 4)
('Contour: ', 898, ', ', 700)
('Seed: ', 5, ' predicted x: ', 898, ', y: ', 843, ', age: ', 1, ', updates: ', 5)
('Contour: ', 972, ', ', 58)
('Seed: ', 6, ' predicted x: ', 972, ', y: ', 201, ', age: ', 1, ', updates: ', 0)
('Contour: ', 958, ', ', 192)
('Seed: ', 6, ' predicted x: ', 958, ', y: ', 334, ', age: ', 1, ', updates: ', 1)
('Contour: ', 965, ', ', 316)
('Seed: ', 6, ' predicted x: ', 965, ', y: ', 458, ', age: ', 1, ', updates: ', 2)
('Contour: ', 975, ', ', 455)
('Seed: ', 6, ' predicted x: ', 975, ', y: ', 596, ', age: ', 1, ', updates: ', 3)
('Contour: ', 999, ', ', 573)
('Seed: ', 6, ' predicted x: ', 999, ', y: ', 713, ', age: ', 1, ', updates: ', 4)
('Contour: ', 1022, ', ', 693)
('Seed: ', 6, ' predicted x: ', 1022, ', y: ', 833, ', age: ', 1, ', updates: ', 5)
('Contour: ', 969, ', ', 17)
('Seed: ', 7, ' predicted x: ', 969, ', y: ', 157, ', age: ', 1, ', updates: ', 0)
('Contour: ', 949, ', ', 113)
('Seed: ', 7, ' predicted x: ', 949, ', y: ', 251, ', age: ', 1, ', updates: ', 1)
('Contour: ', 929, ', ', 238)
('Seed: ', 7, ' predicted x: ', 929, ', y: ', 375, ', age: ', 1, ', updates: ', 2)
('Contour: ', 909, ', ', 374)
('Seed: ', 7, ' predicted x: ', 909, ', y: ', 511, ', age: ', 1, ', updates: ', 3)
('Contour: ', 892, ', ', 506)
('Seed: ', 7, ' predicted x: ', 892, ', y: ', 643, ', age: ', 1, ', updates: ', 4)
('Contour: ', 875, ', ', 652)
('Seed: ', 7, ' predicted x: ', 875, ', y: ', 789, ', age: ', 1, ', updates: ', 5)
('Contour: ', 959, ', ', 20)
('Seed: ', 8, ' predicted x: ', 959, ', y: ', 157, ', age: ', 1, ', updates: ', 0)
('Contour: ', 943, ', ', 96)
('Contour: ', 1034, ', ', 29)
('Seed: ', 8, ' predicted x: ', 943, ', y: ', 231, ', age: ', 1, ', updates: ', 1)
('Seed: ', 9, ' predicted x: ', 1034, ', y: ', 164, ', age: ', 1, ', updates: ', 0)
('Contour: ', 969, ', ', 160)
('Contour: ', 1132, ', ', 33)
('Seed: ', 8, ' predicted x: ', 943, ', y: ', 261, ', age: ', 2, ', updates: ', 1)
('Seed: ', 9, ' predicted x: ', 969, ', y: ', 295, ', age: ', 1, ', updates: ', 1)
('Seed: ', 10, ' predicted x: ', 1132, ', y: ', 168, ', age: ', 1, ', updates: ', 0)
('Contour: ', 893, ', ', 288)
('Contour: ', 984, ', ', 246)
('Contour: ', 1130, ', ', 126)
('Contour: ', 1068, ', ', 7)
('Contour: ', 865, ', ', 33)
('Seed: ', 8, ' predicted x: ', 893, ', y: ', 421, ', age: ', 1, ', updates: ', 2)
('Seed: ', 9, ' predicted x: ', 984, ', y: ', 379, ', age: ', 1, ', updates: ', 2)
('Seed: ', 10, ' predicted x: ', 1130, ', y: ', 259, ', age: ', 1, ', updates: ', 1)
('Seed: ', 11, ' predicted x: ', 1068, ', y: ', 140, ', age: ', 1, ', updates: ', 0)
('Seed: ', 12, ' predicted x: ', 865, ', y: ', 166, ', age: ', 1, ', updates: ', 0)
('Contour: ', 855, ', ', 384)
('Contour: ', 967, ', ', 354)
('Contour: ', 1121, ', ', 227)
('Contour: ', 854, ', ', 134)
('Contour: ', 1081, ', ', 80)
('Contour: ', 809, ', ', 5)
('Seed: ', 8, ' predicted x: ', 855, ', y: ', 513, ', age: ', 1, ', updates: ', 3)
('Seed: ', 9, ' predicted x: ', 967, ', y: ', 483, ', age: ', 1, ', updates: ', 3)
('Seed: ', 10, ' predicted x: ', 1121, ', y: ', 356, ', age: ', 1, ', updates: ', 2)
('Seed: ', 11, ' predicted x: ', 1081, ', y: ', 209, ', age: ', 1, ', updates: ', 1)
('Seed: ', 12, ' predicted x: ', 854, ', y: ', 263, ', age: ', 1, ', updates: ', 1)
('Seed: ', 13, ' predicted x: ', 809, ', y: ', 134, ', age: ', 1, ', updates: ', 0)
('Contour: ', 822, ', ', 485)
('Contour: ', 951, ', ', 480)
('Contour: ', 1107, ', ', 335)
('Contour: ', 843, ', ', 241)
('Contour: ', 1090, ', ', 197)
('Contour: ', 791, ', ', 66)
('Contour: ', 889, ', ', 40)
('Seed: ', 8, ' predicted x: ', 822, ', y: ', 610, ', age: ', 1, ', updates: ', 4)
('Seed: ', 9, ' predicted x: ', 951, ', y: ', 605, ', age: ', 1, ', updates: ', 4)
('Seed: ', 10, ' predicted x: ', 1107, ', y: ', 460, ', age: ', 1, ', updates: ', 3)
('Seed: ', 11, ' predicted x: ', 1090, ', y: ', 322, ', age: ', 1, ', updates: ', 2)
('Seed: ', 12, ' predicted x: ', 843, ', y: ', 366, ', age: ', 1, ', updates: ', 2)
('Seed: ', 13, ' predicted x: ', 791, ', y: ', 191, ', age: ', 1, ', updates: ', 1)
('Seed: ', 14, ' predicted x: ', 889, ', y: ', 165, ', age: ', 1, ', updates: ', 0)
('Contour: ', 937, ', ', 614)
('Contour: ', 795, ', ', 590)
('Contour: ', 1097, ', ', 433)
('Contour: ', 824, ', ', 350)
('Contour: ', 1097, ', ', 323)
('Contour: ', 768, ', ', 170)
('Contour: ', 877, ', ', 147)
('Contour: ', 882, ', ', 7)
('Seed: ', 8, ' predicted x: ', 795, ', y: ', 713, ', age: ', 1, ', updates: ', 5)
('Seed: ', 9, ' predicted x: ', 937, ', y: ', 737, ', age: ', 1, ', updates: ', 5)
('Seed: ', 10, ' predicted x: ', 1097, ', y: ', 556, ', age: ', 1, ', updates: ', 4)
('Seed: ', 11, ' predicted x: ', 1097, ', y: ', 446, ', age: ', 1, ', updates: ', 3)
('Seed: ', 12, ' predicted x: ', 824, ', y: ', 473, ', age: ', 1, ', updates: ', 3)
('Seed: ', 13, ' predicted x: ', 768, ', y: ', 293, ', age: ', 1, ', updates: ', 2)
('Seed: ', 14, ' predicted x: ', 877, ', y: ', 270, ', age: ', 1, ', updates: ', 1)
('Seed: ', 15, ' predicted x: ', 882, ', y: ', 130, ', age: ', 1, ', updates: ', 0)
('Contour: ', 922, ', ', 711)
('Contour: ', 774, ', ', 697)
('Contour: ', 1085, ', ', 549)
('Contour: ', 802, ', ', 467)
('Contour: ', 1104, ', ', 445)
('Contour: ', 750, ', ', 284)
('Contour: ', 853, ', ', 262)
('Contour: ', 944, ', ', 34)
('Contour: ', 847, ', ', 50)
('Contour: ', 774, ', ', 37)
('Seed: ', 8, ' predicted x: ', 774, ', y: ', 818, ', age: ', 1, ', updates: ', 6)
('Seed: ', 9, ' predicted x: ', 922, ', y: ', 832, ', age: ', 1, ', updates: ', 6)
('Seed: ', 10, ' predicted x: ', 1085, ', y: ', 670, ', age: ', 1, ', updates: ', 5)
('Seed: ', 11, ' predicted x: ', 1104, ', y: ', 566, ', age: ', 1, ', updates: ', 4)
('Seed: ', 12, ' predicted x: ', 802, ', y: ', 588, ', age: ', 1, ', updates: ', 4)
('Seed: ', 13, ' predicted x: ', 750, ', y: ', 405, ', age: ', 1, ', updates: ', 3)
('Seed: ', 14, ' predicted x: ', 853, ', y: ', 383, ', age: ', 1, ', updates: ', 2)
('Seed: ', 15, ' predicted x: ', 944, ', y: ', 155, ', age: ', 1, ', updates: ', 1)
('Seed: ', 16, ' predicted x: ', 847, ', y: ', 171, ', age: ', 1, ', updates: ', 0)
('Seed: ', 17, ' predicted x: ', 774, ', y: ', 158, ', age: ', 1, ', updates: ', 0)
('Contour: ', 1068, ', ', 668)
('Contour: ', 778, ', ', 596)
('Contour: ', 1108, ', ', 573)
('Contour: ', 727, ', ', 402)
('Contour: ', 828, ', ', 384)
('Contour: ', 778, ', ', 165)
('Contour: ', 909, ', ', 142)
('Contour: ', 825, ', ', 93)
('Contour: ', 936, ', ', 32)
('Contour: ', 827, ', ', 7)
('Seed: ', 10, ' predicted x: ', 1068, ', y: ', 787, ', age: ', 1, ', updates: ', 6)
('Seed: ', 11, ' predicted x: ', 1108, ', y: ', 692, ', age: ', 1, ', updates: ', 5)
('Seed: ', 12, ' predicted x: ', 778, ', y: ', 715, ', age: ', 1, ', updates: ', 5)
('Seed: ', 13, ' predicted x: ', 727, ', y: ', 521, ', age: ', 1, ', updates: ', 4)
('Seed: ', 14, ' predicted x: ', 828, ', y: ', 503, ', age: ', 1, ', updates: ', 3)
('Seed: ', 15, ' predicted x: ', 909, ', y: ', 261, ', age: ', 1, ', updates: ', 2)
('Seed: ', 16, ' predicted x: ', 825, ', y: ', 212, ', age: ', 1, ', updates: ', 1)
('Seed: ', 17, ' predicted x: ', 778, ', y: ', 284, ', age: ', 1, ', updates: ', 1)
('Seed: ', 18, ' predicted x: ', 936, ', y: ', 151, ', age: ', 1, ', updates: ', 0)
('Seed: ', 19, ' predicted x: ', 827, ', y: ', 126, ', age: ', 1, ', updates: ', 0)
('Contour: ', 743, ', ', 708)
('Contour: ', 1116, ', ', 701)
('Contour: ', 701, ', ', 525)
('Contour: ', 802, ', ', 515)
('Contour: ', 755, ', ', 281)
('Contour: ', 875, ', ', 249)
('Contour: ', 803, ', ', 188)
('Contour: ', 892, ', ', 140)
('Contour: ', 797, ', ', 62)
('Contour: ', 826, ', ', 3)
('Contour: ', 663, ', ', 14)
('Seed: ', 11, ' predicted x: ', 1116, ', y: ', 819, ', age: ', 1, ', updates: ', 6)
('Seed: ', 12, ' predicted x: ', 743, ', y: ', 826, ', age: ', 1, ', updates: ', 6)
('Seed: ', 13, ' predicted x: ', 701, ', y: ', 643, ', age: ', 1, ', updates: ', 5)
('Seed: ', 14, ' predicted x: ', 802, ', y: ', 633, ', age: ', 1, ', updates: ', 4)
('Seed: ', 15, ' predicted x: ', 875, ', y: ', 367, ', age: ', 1, ', updates: ', 3)
('Seed: ', 16, ' predicted x: ', 803, ', y: ', 306, ', age: ', 1, ', updates: ', 2)
('Seed: ', 17, ' predicted x: ', 755, ', y: ', 399, ', age: ', 1, ', updates: ', 2)
('Seed: ', 18, ' predicted x: ', 892, ', y: ', 258, ', age: ', 1, ', updates: ', 1)
('Seed: ', 19, ' predicted x: ', 797, ', y: ', 180, ', age: ', 1, ', updates: ', 1)
('Seed: ', 20, ' predicted x: ', 826, ', y: ', 121, ', age: ', 1, ', updates: ', 0)
('Seed: ', 21, ' predicted x: ', 663, ', y: ', 132, ', age: ', 1, ', updates: ', 0)
('Contour: ', 675, ', ', 664)
('Contour: ', 773, ', ', 655)
('Contour: ', 751, ', ', 458)
('Contour: ', 842, ', ', 374)
('Contour: ', 709, ', ', 364)
('Contour: ', 776, ', ', 279)
('Contour: ', 848, ', ', 246)
('Contour: ', 781, ', ', 155)
('Contour: ', 644, ', ', 94)
('Contour: ', 976, ', ', 49)
('Contour: ', 819, ', ', 25)
('Seed: ', 13, ' predicted x: ', 675, ', y: ', 785, ', age: ', 1, ', updates: ', 6)
('Seed: ', 14, ' predicted x: ', 773, ', y: ', 776, ', age: ', 1, ', updates: ', 5)
('Seed: ', 15, ' predicted x: ', 842, ', y: ', 495, ', age: ', 1, ', updates: ', 4)
('Seed: ', 16, ' predicted x: ', 709, ', y: ', 485, ', age: ', 1, ', updates: ', 3)
('Seed: ', 17, ' predicted x: ', 751, ', y: ', 579, ', age: ', 1, ', updates: ', 3)
('Seed: ', 18, ' predicted x: ', 848, ', y: ', 367, ', age: ', 1, ', updates: ', 2)
('Seed: ', 19, ' predicted x: ', 776, ', y: ', 400, ', age: ', 1, ', updates: ', 2)
('Seed: ', 20, ' predicted x: ', 781, ', y: ', 276, ', age: ', 1, ', updates: ', 1)
('Seed: ', 21, ' predicted x: ', 644, ', y: ', 215, ', age: ', 1, ', updates: ', 1)
('Seed: ', 22, ' predicted x: ', 976, ', y: ', 170, ', age: ', 1, ', updates: ', 0)
('Seed: ', 23, ' predicted x: ', 819, ', y: ', 146, ', age: ', 1, ', updates: ', 0)
('Contour: ', 729, ', ', 600)
('Contour: ', 805, ', ', 504)
('Contour: ', 685, ', ', 483)
('Contour: ', 738, ', ', 397)
('Contour: ', 816, ', ', 353)
('Contour: ', 775, ', ', 244)
('Contour: ', 621, ', ', 201)
('Contour: ', 956, ', ', 173)
('Contour: ', 807, ', ', 106)
('Contour: ', 1212, ', ', 73)
('Contour: ', 920, ', ', 16)
('Seed: ', 15, ' predicted x: ', 805, ', y: ', 624, ', age: ', 1, ', updates: ', 5)
('Seed: ', 16, ' predicted x: ', 685, ', y: ', 603, ', age: ', 1, ', updates: ', 4)
('Seed: ', 17, ' predicted x: ', 729, ', y: ', 720, ', age: ', 1, ', updates: ', 4)
('Seed: ', 18, ' predicted x: ', 816, ', y: ', 473, ', age: ', 1, ', updates: ', 3)
('Seed: ', 19, ' predicted x: ', 738, ', y: ', 517, ', age: ', 1, ', updates: ', 3)
('Seed: ', 20, ' predicted x: ', 775, ', y: ', 364, ', age: ', 1, ', updates: ', 2)
('Seed: ', 21, ' predicted x: ', 621, ', y: ', 321, ', age: ', 1, ', updates: ', 2)
('Seed: ', 22, ' predicted x: ', 956, ', y: ', 293, ', age: ', 1, ', updates: ', 1)
('Seed: ', 23, ' predicted x: ', 807, ', y: ', 226, ', age: ', 1, ', updates: ', 1)
('Seed: ', 24, ' predicted x: ', 1212, ', y: ', 193, ', age: ', 1, ', updates: ', 0)
('Seed: ', 25, ' predicted x: ', 920, ', y: ', 136, ', age: ', 1, ', updates: ', 0)
('Contour: ', 762, ', ', 645)
('Contour: ', 667, ', ', 606)
('Contour: ', 699, ', ', 519)
('Contour: ', 770, ', ', 467)
('Contour: ', 770, ', ', 337)
('Contour: ', 600, ', ', 313)
('Contour: ', 936, ', ', 307)
('Contour: ', 1194, ', ', 185)
('Contour: ', 803, ', ', 193)
('Contour: ', 857, ', ', 98)
('Seed: ', 15, ' predicted x: ', 762, ', y: ', 764, ', age: ', 1, ', updates: ', 6)
('Seed: ', 16, ' predicted x: ', 667, ', y: ', 725, ', age: ', 1, ', updates: ', 5)
('Seed: ', 17, ' predicted x: ', 729, ', y: ', 749, ', age: ', 2, ', updates: ', 4)
('Seed: ', 18, ' predicted x: ', 770, ', y: ', 586, ', age: ', 1, ', updates: ', 4)
('Seed: ', 19, ' predicted x: ', 699, ', y: ', 638, ', age: ', 1, ', updates: ', 4)
('Seed: ', 20, ' predicted x: ', 770, ', y: ', 456, ', age: ', 1, ', updates: ', 3)
('Seed: ', 21, ' predicted x: ', 600, ', y: ', 432, ', age: ', 1, ', updates: ', 3)
('Seed: ', 22, ' predicted x: ', 936, ', y: ', 426, ', age: ', 1, ', updates: ', 2)
('Seed: ', 23, ' predicted x: ', 803, ', y: ', 312, ', age: ', 1, ', updates: ', 2)
('Seed: ', 24, ' predicted x: ', 1194, ', y: ', 304, ', age: ', 1, ', updates: ', 1)
('Seed: ', 25, ' predicted x: ', 857, ', y: ', 217, ', age: ', 1, ', updates: ', 1)
('Contour: ', 649, ', ', 712)
('Contour: ', 648, ', ', 638)
('Contour: ', 728, ', ', 585)
('Contour: ', 916, ', ', 443)
('Contour: ', 767, ', ', 430)
('Contour: ', 603, ', ', 423)
('Contour: ', 1164, ', ', 295)
('Contour: ', 800, ', ', 294)
('Contour: ', 871, ', ', 221)
('Contour: ', 794, ', ', 185)
('Contour: ', 964, ', ', 28)
('Contour: ', 834, ', ', 20)
('Seed: ', 15, ' predicted x: ', 762, ', y: ', 794, ', age: ', 2, ', updates: ', 6)
('Seed: ', 16, ' predicted x: ', 649, ', y: ', 831, ', age: ', 1, ', updates: ', 6)
('Seed: ', 17, ' predicted x: ', 729, ', y: ', 779, ', age: ', 3, ', updates: ', 4)
('Seed: ', 18, ' predicted x: ', 728, ', y: ', 704, ', age: ', 1, ', updates: ', 5)
('Seed: ', 19, ' predicted x: ', 648, ', y: ', 757, ', age: ', 1, ', updates: ', 5)
('Seed: ', 20, ' predicted x: ', 767, ', y: ', 549, ', age: ', 1, ', updates: ', 4)
('Seed: ', 21, ' predicted x: ', 603, ', y: ', 542, ', age: ', 1, ', updates: ', 4)
('Seed: ', 22, ' predicted x: ', 916, ', y: ', 562, ', age: ', 1, ', updates: ', 3)
('Seed: ', 23, ' predicted x: ', 800, ', y: ', 413, ', age: ', 1, ', updates: ', 3)
('Seed: ', 24, ' predicted x: ', 1164, ', y: ', 414, ', age: ', 1, ', updates: ', 2)
('Seed: ', 25, ' predicted x: ', 871, ', y: ', 340, ', age: ', 1, ', updates: ', 2)
('Seed: ', 26, ' predicted x: ', 794, ', y: ', 304, ', age: ', 1, ', updates: ', 0)
('Seed: ', 27, ' predicted x: ', 964, ', y: ', 147, ', age: ', 1, ', updates: ', 0)
('Seed: ', 28, ' predicted x: ', 834, ', y: ', 139, ', age: ', 1, ', updates: ', 0)
('Contour: ', 704, ', ', 695)
('Contour: ', 895, ', ', 596)
('Contour: ', 608, ', ', 551)
('Contour: ', 763, ', ', 541)
('Contour: ', 1131, ', ', 419)
('Contour: ', 787, ', ', 408)
('Contour: ', 873, ', ', 331)
('Contour: ', 768, ', ', 289)
('Contour: ', 936, ', ', 133)
('Contour: ', 800, ', ', 118)
('Contour: ', 1007, ', ', 26)
('Contour: ', 607, ', ', 12)
('Seed: ', 18, ' predicted x: ', 704, ', y: ', 814, ', age: ', 1, ', updates: ', 6)
('Seed: ', 19, ' predicted x: ', 648, ', y: ', 787, ', age: ', 2, ', updates: ', 5)
('Seed: ', 20, ' predicted x: ', 763, ', y: ', 660, ', age: ', 1, ', updates: ', 5)
('Seed: ', 21, ' predicted x: ', 608, ', y: ', 670, ', age: ', 1, ', updates: ', 5)
('Seed: ', 22, ' predicted x: ', 895, ', y: ', 715, ', age: ', 1, ', updates: ', 4)
('Seed: ', 23, ' predicted x: ', 787, ', y: ', 527, ', age: ', 1, ', updates: ', 4)
('Seed: ', 24, ' predicted x: ', 1131, ', y: ', 538, ', age: ', 1, ', updates: ', 3)
('Seed: ', 25, ' predicted x: ', 873, ', y: ', 450, ', age: ', 1, ', updates: ', 3)
('Seed: ', 26, ' predicted x: ', 768, ', y: ', 408, ', age: ', 1, ', updates: ', 1)
('Seed: ', 27, ' predicted x: ', 936, ', y: ', 252, ', age: ', 1, ', updates: ', 1)
('Seed: ', 28, ' predicted x: ', 800, ', y: ', 237, ', age: ', 1, ', updates: ', 1)
('Seed: ', 29, ' predicted x: ', 1007, ', y: ', 145, ', age: ', 1, ', updates: ', 0)
('Seed: ', 30, ' predicted x: ', 607, ', y: ', 131, ', age: ', 1, ', updates: ', 0)
('Contour: ', 626, ', ', 683)
('Contour: ', 764, ', ', 653)
('Contour: ', 1101, ', ', 533)
('Contour: ', 775, ', ', 535)
('Contour: ', 882, ', ', 435)
('Contour: ', 743, ', ', 410)
('Contour: ', 906, ', ', 252)
('Contour: ', 768, ', ', 241)
('Contour: ', 987, ', ', 137)
('Contour: ', 559, ', ', 94)
('Contour: ', 952, ', ', 18)
('Contour: ', 788, ', ', 9)
('Seed: ', 20, ' predicted x: ', 764, ', y: ', 771, ', age: ', 1, ', updates: ', 6)
('Seed: ', 21, ' predicted x: ', 626, ', y: ', 801, ', age: ', 1, ', updates: ', 6)
('Seed: ', 22, ' predicted x: ', 895, ', y: ', 744, ', age: ', 2, ', updates: ', 4)
('Seed: ', 23, ' predicted x: ', 775, ', y: ', 653, ', age: ', 1, ', updates: ', 5)
('Seed: ', 24, ' predicted x: ', 1101, ', y: ', 651, ', age: ', 1, ', updates: ', 4)
('Seed: ', 25, ' predicted x: ', 882, ', y: ', 553, ', age: ', 1, ', updates: ', 4)
('Seed: ', 26, ' predicted x: ', 743, ', y: ', 528, ', age: ', 1, ', updates: ', 2)
('Seed: ', 27, ' predicted x: ', 906, ', y: ', 370, ', age: ', 1, ', updates: ', 2)
('Seed: ', 28, ' predicted x: ', 768, ', y: ', 359, ', age: ', 1, ', updates: ', 2)
('Seed: ', 29, ' predicted x: ', 987, ', y: ', 255, ', age: ', 1, ', updates: ', 1)
('Seed: ', 30, ' predicted x: ', 559, ', y: ', 212, ', age: ', 1, ', updates: ', 1)
('Seed: ', 31, ' predicted x: ', 952, ', y: ', 136, ', age: ', 1, ', updates: ', 0)
('Seed: ', 32, ' predicted x: ', 788, ', y: ', 127, ', age: ', 1, ', updates: ', 0)
('Contour: ', 1071, ', ', 650)
('Contour: ', 766, ', ', 670)
('Contour: ', 733, ', ', 526)
('Contour: ', 890, ', ', 546)
('Contour: ', 875, ', ', 367)
('Contour: ', 740, ', ', 359)
('Contour: ', 956, ', ', 255)
('Contour: ', 517, ', ', 215)
('Contour: ', 954, ', ', 142)
('Contour: ', 763, ', ', 49)
('Contour: ', 1012, ', ', 19)
('Contour: ', 843, ', ', 14)
('Seed: ', 22, ' predicted x: ', 895, ', y: ', 774, ', age: ', 3, ', updates: ', 4)
('Seed: ', 23, ' predicted x: ', 766, ', y: ', 788, ', age: ', 1, ', updates: ', 6)
('Seed: ', 24, ' predicted x: ', 1071, ', y: ', 768, ', age: ', 1, ', updates: ', 5)
('Seed: ', 25, ' predicted x: ', 890, ', y: ', 664, ', age: ', 1, ', updates: ', 5)
('Seed: ', 26, ' predicted x: ', 733, ', y: ', 644, ', age: ', 1, ', updates: ', 3)
('Seed: ', 27, ' predicted x: ', 875, ', y: ', 485, ', age: ', 1, ', updates: ', 3)
('Seed: ', 28, ' predicted x: ', 740, ', y: ', 477, ', age: ', 1, ', updates: ', 3)
('Seed: ', 29, ' predicted x: ', 956, ', y: ', 373, ', age: ', 1, ', updates: ', 2)
('Seed: ', 30, ' predicted x: ', 517, ', y: ', 333, ', age: ', 1, ', updates: ', 2)
('Seed: ', 31, ' predicted x: ', 954, ', y: ', 260, ', age: ', 1, ', updates: ', 1)
('Seed: ', 32, ' predicted x: ', 763, ', y: ', 167, ', age: ', 1, ', updates: ', 1)
('Seed: ', 33, ' predicted x: ', 1012, ', y: ', 137, ', age: ', 1, ', updates: ', 0)
('Seed: ', 34, ' predicted x: ', 843, ', y: ', 132, ', age: ', 1, ', updates: ', 0)
('Contour: ', 894, ', ', 663)
('Contour: ', 732, ', ', 649)
('Contour: ', 846, ', ', 492)
('Contour: ', 710, ', ', 480)
('Contour: ', 923, ', ', 375)
('Contour: ', 495, ', ', 344)
('Contour: ', 966, ', ', 278)
('Contour: ', 711, ', ', 138)
('Contour: ', 812, ', ', 114)
('Contour: ', 981, ', ', 110)
('Contour: ', 850, ', ', 15)
('Seed: ', 25, ' predicted x: ', 894, ', y: ', 780, ', age: ', 1, ', updates: ', 6)
('Seed: ', 26, ' predicted x: ', 732, ', y: ', 766, ', age: ', 1, ', updates: ', 4)
('Seed: ', 27, ' predicted x: ', 846, ', y: ', 609, ', age: ', 1, ', updates: ', 4)
('Seed: ', 28, ' predicted x: ', 710, ', y: ', 597, ', age: ', 1, ', updates: ', 4)
('Seed: ', 29, ' predicted x: ', 923, ', y: ', 492, ', age: ', 1, ', updates: ', 3)
('Seed: ', 30, ' predicted x: ', 495, ', y: ', 461, ', age: ', 1, ', updates: ', 3)
('Seed: ', 31, ' predicted x: ', 966, ', y: ', 395, ', age: ', 1, ', updates: ', 2)
('Seed: ', 32, ' predicted x: ', 711, ', y: ', 255, ', age: ', 1, ', updates: ', 2)
('Seed: ', 33, ' predicted x: ', 981, ', y: ', 227, ', age: ', 1, ', updates: ', 1)
('Seed: ', 34, ' predicted x: ', 812, ', y: ', 231, ', age: ', 1, ', updates: ', 1)
('Seed: ', 35, ' predicted x: ', 850, ', y: ', 132, ', age: ', 1, ', updates: ', 0)
('Contour: ', 815, ', ', 635)
('Contour: ', 685, ', ', 604)
('Contour: ', 883, ', ', 508)
('Contour: ', 486, ', ', 487)
('Contour: ', 986, ', ', 421)
('Contour: ', 660, ', ', 236)
('Contour: ', 954, ', ', 236)
('Contour: ', 790, ', ', 239)
('Contour: ', 797, ', ', 104)
('Contour: ', 887, ', ', 10)
('Seed: ', 27, ' predicted x: ', 815, ', y: ', 753, ', age: ', 1, ', updates: ', 5)
('Seed: ', 28, ' predicted x: ', 685, ', y: ', 722, ', age: ', 1, ', updates: ', 5)
('Seed: ', 29, ' predicted x: ', 883, ', y: ', 626, ', age: ', 1, ', updates: ', 4)
('Seed: ', 30, ' predicted x: ', 486, ', y: ', 605, ', age: ', 1, ', updates: ', 4)
('Seed: ', 31, ' predicted x: ', 986, ', y: ', 539, ', age: ', 1, ', updates: ', 3)
('Seed: ', 32, ' predicted x: ', 660, ', y: ', 354, ', age: ', 1, ', updates: ', 3)
('Seed: ', 33, ' predicted x: ', 954, ', y: ', 354, ', age: ', 1, ', updates: ', 2)
('Seed: ', 34, ' predicted x: ', 790, ', y: ', 357, ', age: ', 1, ', updates: ', 2)
('Seed: ', 35, ' predicted x: ', 797, ', y: ', 222, ', age: ', 1, ', updates: ', 1)
('Seed: ', 36, ' predicted x: ', 887, ', y: ', 128, ', age: ', 1, ', updates: ', 0)
('Contour: ', 678, ', ', 711)
('Contour: ', 836, ', ', 648)
('Contour: ', 491, ', ', 637)
('Contour: ', 1012, ', ', 574)
('Contour: ', 767, ', ', 378)
('Contour: ', 936, ', ', 362)
('Contour: ', 613, ', ', 337)
('Contour: ', 737, ', ', 220)
('Contour: ', 970, ', ', 6)
('Contour: ', 874, ', ', 62)
('Seed: ', 27, ' predicted x: ', 815, ', y: ', 783, ', age: ', 2, ', updates: ', 5)
('Seed: ', 28, ' predicted x: ', 678, ', y: ', 829, ', age: ', 1, ', updates: ', 6)
('Seed: ', 29, ' predicted x: ', 836, ', y: ', 766, ', age: ', 1, ', updates: ', 5)
('Seed: ', 30, ' predicted x: ', 491, ', y: ', 755, ', age: ', 1, ', updates: ', 5)
('Seed: ', 31, ' predicted x: ', 1012, ', y: ', 692, ', age: ', 1, ', updates: ', 4)
('Seed: ', 32, ' predicted x: ', 613, ', y: ', 455, ', age: ', 1, ', updates: ', 4)
('Seed: ', 33, ' predicted x: ', 936, ', y: ', 480, ', age: ', 1, ', updates: ', 3)
('Seed: ', 34, ' predicted x: ', 767, ', y: ', 496, ', age: ', 1, ', updates: ', 3)
('Seed: ', 35, ' predicted x: ', 737, ', y: ', 338, ', age: ', 1, ', updates: ', 2)
('Seed: ', 36, ' predicted x: ', 970, ', y: ', 124, ', age: ', 1, ', updates: ', 1)
('Seed: ', 37, ' predicted x: ', 874, ', y: ', 180, ', age: ', 1, ', updates: ', 0)
('Contour: ', 1039, ', ', 707)
('Contour: ', 744, ', ', 522)
('Contour: ', 919, ', ', 501)
('Contour: ', 569, ', ', 445)
('Contour: ', 684, ', ', 342)
('Contour: ', 866, ', ', 210)
('Contour: ', 1098, ', ', 58)
('Contour: ', 921, ', ', 69)
('Seed: ', 29, ' predicted x: ', 836, ', y: ', 796, ', age: ', 2, ', updates: ', 5)
('Seed: ', 30, ' predicted x: ', 491, ', y: ', 785, ', age: ', 2, ', updates: ', 5)
('Seed: ', 31, ' predicted x: ', 1039, ', y: ', 825, ', age: ', 1, ', updates: ', 5)
('Seed: ', 32, ' predicted x: ', 569, ', y: ', 563, ', age: ', 1, ', updates: ', 5)
('Seed: ', 33, ' predicted x: ', 919, ', y: ', 619, ', age: ', 1, ', updates: ', 4)
('Seed: ', 34, ' predicted x: ', 744, ', y: ', 640, ', age: ', 1, ', updates: ', 4)
('Seed: ', 35, ' predicted x: ', 684, ', y: ', 460, ', age: ', 1, ', updates: ', 3)
('Seed: ', 36, ' predicted x: ', 1098, ', y: ', 176, ', age: ', 1, ', updates: ', 2)
('Seed: ', 37, ' predicted x: ', 866, ', y: ', 328, ', age: ', 1, ', updates: ', 1)
('Seed: ', 38, ' predicted x: ', 921, ', y: ', 187, ', age: ', 1, ', updates: ', 0)
('Contour: ', 718, ', ', 677)
('Contour: ', 903, ', ', 653)
('Contour: ', 521, ', ', 560)
('Contour: ', 634, ', ', 474)
('Contour: ', 861, ', ', 344)
('Contour: ', 1065, ', ', 179)
('Contour: ', 913, ', ', 171)
('Contour: ', 970, ', ', 7)
('Seed: ', 32, ' predicted x: ', 521, ', y: ', 678, ', age: ', 1, ', updates: ', 6)
('Seed: ', 33, ' predicted x: ', 903, ', y: ', 771, ', age: ', 1, ', updates: ', 5)
('Seed: ', 34, ' predicted x: ', 718, ', y: ', 795, ', age: ', 1, ', updates: ', 5)
('Seed: ', 35, ' predicted x: ', 634, ', y: ', 592, ', age: ', 1, ', updates: ', 4)
('Seed: ', 36, ' predicted x: ', 1065, ', y: ', 297, ', age: ', 1, ', updates: ', 3)
('Seed: ', 37, ' predicted x: ', 861, ', y: ', 462, ', age: ', 1, ', updates: ', 2)
('Seed: ', 38, ' predicted x: ', 913, ', y: ', 289, ', age: ', 1, ', updates: ', 1)
('Seed: ', 39, ' predicted x: ', 970, ', y: ', 125, ', age: ', 1, ', updates: ', 0)
('Contour: ', 478, ', ', 678)
('Contour: ', 579, ', ', 612)
('Contour: ', 860, ', ', 481)
('Contour: ', 858, ', ', 353)
('Contour: ', 1025, ', ', 299)
('Contour: ', 934, ', ', 243)
('Contour: ', 938, ', ', 82)
('Contour: ', 740, ', ', 68)
('Contour: ', 1016, ', ', 20)
('Seed: ', 32, ' predicted x: ', 478, ', y: ', 797, ', age: ', 1, ', updates: ', 7)
('Seed: ', 35, ' predicted x: ', 579, ', y: ', 731, ', age: ', 1, ', updates: ', 5)
('Seed: ', 36, ' predicted x: ', 1025, ', y: ', 418, ', age: ', 1, ', updates: ', 4)
('Seed: ', 37, ' predicted x: ', 860, ', y: ', 600, ', age: ', 1, ', updates: ', 3)
('Seed: ', 38, ' predicted x: ', 858, ', y: ', 472, ', age: ', 1, ', updates: ', 2)
('Seed: ', 39, ' predicted x: ', 934, ', y: ', 362, ', age: ', 1, ', updates: ', 1)
('Seed: ', 40, ' predicted x: ', 938, ', y: ', 201, ', age: ', 1, ', updates: ', 0)
('Seed: ', 41, ' predicted x: ', 740, ', y: ', 187, ', age: ', 1, ', updates: ', 0)
('Seed: ', 42, ' predicted x: ', 1016, ', y: ', 139, ', age: ', 1, ', updates: ', 0)
('Contour: ', 865, ', ', 632)
('Contour: ', 865, ', ', 489)
('Contour: ', 944, ', ', 366)
('Contour: ', 907, ', ', 211)
('Contour: ', 735, ', ', 185)
('Contour: ', 993, ', ', 88)
('Contour: ', 1051, ', ', 5)
('Contour: ', 969, ', ', 12)
('Contour: ', 862, ', ', 24)
('Seed: ', 35, ' predicted x: ', 579, ', y: ', 761, ', age: ', 2, ', updates: ', 5)
('Seed: ', 36, ' predicted x: ', 1025, ', y: ', 448, ', age: ', 2, ', updates: ', 4)
('Seed: ', 37, ' predicted x: ', 865, ', y: ', 751, ', age: ', 1, ', updates: ', 4)
('Seed: ', 38, ' predicted x: ', 865, ', y: ', 608, ', age: ', 1, ', updates: ', 3)
('Seed: ', 39, ' predicted x: ', 944, ', y: ', 485, ', age: ', 1, ', updates: ', 2)
('Seed: ', 40, ' predicted x: ', 907, ', y: ', 330, ', age: ', 1, ', updates: ', 1)
('Seed: ', 41, ' predicted x: ', 735, ', y: ', 304, ', age: ', 1, ', updates: ', 1)
('Seed: ', 42, ' predicted x: ', 993, ', y: ', 207, ', age: ', 1, ', updates: ', 1)
('Seed: ', 43, ' predicted x: ', 1051, ', y: ', 124, ', age: ', 1, ', updates: ', 0)
('Seed: ', 44, ' predicted x: ', 969, ', y: ', 131, ', age: ', 1, ', updates: ', 0)
('Seed: ', 45, ' predicted x: ', 862, ', y: ', 143, ', age: ', 1, ', updates: ', 0)
('Contour: ', 875, ', ', 643)
('Contour: ', 930, ', ', 556)
('Contour: ', 907, ', ', 392)
('Contour: ', 732, ', ', 317)
('Contour: ', 829, ', ', 114)
('Contour: ', 948, ', ', 145)
('Contour: ', 1045, ', ', 95)
('Contour: ', 1025, ', ', 9)
('Contour: ', 928, ', ', 8)
('Contour: ', 736, ', ', 7)
('Seed: ', 35, ' predicted x: ', 579, ', y: ', 792, ', age: ', 3, ', updates: ', 5)
('Seed: ', 36, ' predicted x: ', 1025, ', y: ', 479, ', age: ', 3, ', updates: ', 4)
('Seed: ', 37, ' predicted x: ', 865, ', y: ', 782, ', age: ', 2, ', updates: ', 4)
('Seed: ', 38, ' predicted x: ', 875, ', y: ', 763, ', age: ', 1, ', updates: ', 4)
('Seed: ', 39, ' predicted x: ', 930, ', y: ', 676, ', age: ', 1, ', updates: ', 3)
('Seed: ', 40, ' predicted x: ', 907, ', y: ', 512, ', age: ', 1, ', updates: ', 2)
('Seed: ', 41, ' predicted x: ', 732, ', y: ', 437, ', age: ', 1, ', updates: ', 2)
('Seed: ', 42, ' predicted x: ', 993, ', y: ', 238, ', age: ', 2, ', updates: ', 1)
('Seed: ', 43, ' predicted x: ', 1045, ', y: ', 215, ', age: ', 1, ', updates: ', 1)
('Seed: ', 44, ' predicted x: ', 948, ', y: ', 265, ', age: ', 1, ', updates: ', 1)
('Seed: ', 45, ' predicted x: ', 829, ', y: ', 234, ', age: ', 1, ', updates: ', 1)
('Seed: ', 46, ' predicted x: ', 1025, ', y: ', 129, ', age: ', 1, ', updates: ', 0)
('Seed: ', 47, ' predicted x: ', 928, ', y: ', 128, ', age: ', 1, ', updates: ', 0)
('Seed: ', 48, ' predicted x: ', 736, ', y: ', 127, ', age: ', 1, ', updates: ', 0)
('Contour: ', 887, ', ', 687)
('Contour: ', 911, ', ', 517)
('Contour: ', 731, ', ', 467)
('Contour: ', 875, ', ', 449)
('Contour: ', 941, ', ', 300)
('Contour: ', 1023, ', ', 214)
('Contour: ', 800, ', ', 214)
('Contour: ', 880, ', ', 205)
('Contour: ', 999, ', ', 102)
('Contour: ', 721, ', ', 77)
('Contour: ', 919, ', ', 48)
('Contour: ', 1184, ', ', 36)
('Seed: ', 36, ' predicted x: ', 875, ', y: ', 569, ', age: ', 1, ', updates: ', 5)
('Seed: ', 38, ' predicted x: ', 875, ', y: ', 793, ', age: ', 2, ', updates: ', 4)
('Seed: ', 39, ' predicted x: ', 887, ', y: ', 807, ', age: ', 1, ', updates: ', 4)
('Seed: ', 40, ' predicted x: ', 911, ', y: ', 637, ', age: ', 1, ', updates: ', 3)
('Seed: ', 41, ' predicted x: ', 731, ', y: ', 587, ', age: ', 1, ', updates: ', 3)
('Seed: ', 42, ' predicted x: ', 993, ', y: ', 268, ', age: ', 3, ', updates: ', 1)
('Seed: ', 43, ' predicted x: ', 1023, ', y: ', 334, ', age: ', 1, ', updates: ', 2)
('Seed: ', 44, ' predicted x: ', 941, ', y: ', 420, ', age: ', 1, ', updates: ', 2)
('Seed: ', 45, ' predicted x: ', 800, ', y: ', 334, ', age: ', 1, ', updates: ', 2)
('Seed: ', 46, ' predicted x: ', 999, ', y: ', 222, ', age: ', 1, ', updates: ', 1)
('Seed: ', 47, ' predicted x: ', 880, ', y: ', 325, ', age: ', 1, ', updates: ', 1)
('Seed: ', 48, ' predicted x: ', 721, ', y: ', 197, ', age: ', 1, ', updates: ', 1)
('Seed: ', 49, ' predicted x: ', 919, ', y: ', 168, ', age: ', 1, ', updates: ', 0)
('Seed: ', 50, ' predicted x: ', 1184, ', y: ', 156, ', age: ', 1, ', updates: ', 0)
('Contour: ', 908, ', ', 618)
('Contour: ', 752, ', ', 607)
('Contour: ', 860, ', ', 556)
('Contour: ', 919, ', ', 421)
('Contour: ', 990, ', ', 334)
('Contour: ', 804, ', ', 310)
('Contour: ', 981, ', ', 228)
('Contour: ', 721, ', ', 183)
('Contour: ', 1183, ', ', 162)
('Contour: ', 892, ', ', 131)
('Seed: ', 36, ' predicted x: ', 860, ', y: ', 676, ', age: ', 1, ', updates: ', 6)
('Seed: ', 40, ' predicted x: ', 908, ', y: ', 738, ', age: ', 1, ', updates: ', 4)
('Seed: ', 41, ' predicted x: ', 752, ', y: ', 727, ', age: ', 1, ', updates: ', 4)
('Seed: ', 42, ' predicted x: ', 993, ', y: ', 298, ', age: ', 4, ', updates: ', 1)
('Seed: ', 43, ' predicted x: ', 990, ', y: ', 454, ', age: ', 1, ', updates: ', 3)
('Seed: ', 44, ' predicted x: ', 919, ', y: ', 541, ', age: ', 1, ', updates: ', 3)
('Seed: ', 45, ' predicted x: ', 804, ', y: ', 430, ', age: ', 1, ', updates: ', 3)
('Seed: ', 46, ' predicted x: ', 981, ', y: ', 348, ', age: ', 1, ', updates: ', 2)
('Seed: ', 47, ' predicted x: ', 880, ', y: ', 355, ', age: ', 2, ', updates: ', 1)
('Seed: ', 48, ' predicted x: ', 721, ', y: ', 303, ', age: ', 1, ', updates: ', 2)
('Seed: ', 49, ' predicted x: ', 892, ', y: ', 251, ', age: ', 1, ', updates: ', 1)
('Seed: ', 50, ' predicted x: ', 1183, ', y: ', 282, ', age: ', 1, ', updates: ', 1)
('Contour: ', 926, ', ', 706)
('Contour: ', 842, ', ', 647)
('Contour: ', 894, ', ', 549)
('Contour: ', 952, ', ', 458)
('Contour: ', 718, ', ', 444)
('Contour: ', 829, ', ', 396)
('Contour: ', 956, ', ', 373)
('Contour: ', 1165, ', ', 302)
('Contour: ', 729, ', ', 278)
('Contour: ', 869, ', ', 220)
('Contour: ', 887, ', ', 55)
('Seed: ', 36, ' predicted x: ', 842, ', y: ', 767, ', age: ', 1, ', updates: ', 7)
('Seed: ', 40, ' predicted x: ', 926, ', y: ', 826, ', age: ', 1, ', updates: ', 5)
('Seed: ', 41, ' predicted x: ', 752, ', y: ', 757, ', age: ', 2, ', updates: ', 4)
('Seed: ', 42, ' predicted x: ', 993, ', y: ', 328, ', age: ', 5, ', updates: ', 1)
('Seed: ', 43, ' predicted x: ', 952, ', y: ', 578, ', age: ', 1, ', updates: ', 4)
('Seed: ', 44, ' predicted x: ', 894, ', y: ', 669, ', age: ', 1, ', updates: ', 4)
('Seed: ', 45, ' predicted x: ', 718, ', y: ', 564, ', age: ', 1, ', updates: ', 4)
('Seed: ', 46, ' predicted x: ', 956, ', y: ', 493, ', age: ', 1, ', updates: ', 3)
('Seed: ', 47, ' predicted x: ', 829, ', y: ', 516, ', age: ', 1, ', updates: ', 2)
('Seed: ', 48, ' predicted x: ', 729, ', y: ', 398, ', age: ', 1, ', updates: ', 3)
('Seed: ', 49, ' predicted x: ', 869, ', y: ', 340, ', age: ', 1, ', updates: ', 2)
('Seed: ', 50, ' predicted x: ', 1165, ', y: ', 422, ', age: ', 1, ', updates: ', 2)
('Seed: ', 51, ' predicted x: ', 887, ', y: ', 175, ', age: ', 1, ', updates: ', 0)
('Contour: ', 859, ', ', 675)
('Contour: ', 929, ', ', 588)
('Contour: ', 684, ', ', 571)
('Contour: ', 820, ', ', 500)
('Contour: ', 916, ', ', 495)
('Contour: ', 1142, ', ', 447)
('Contour: ', 742, ', ', 384)
('Contour: ', 848, ', ', 311)
('Contour: ', 873, ', ', 158)
('Contour: ', 982, ', ', 37)
('Contour: ', 899, ', ', 24)
('Seed: ', 36, ' predicted x: ', 842, ', y: ', 797, ', age: ', 2, ', updates: ', 7)
('Seed: ', 41, ' predicted x: ', 752, ', y: ', 787, ', age: ', 3, ', updates: ', 4)
('Seed: ', 42, ' predicted x: ', 993, ', y: ', 358, ', age: ', 6, ', updates: ', 1)
('Seed: ', 43, ' predicted x: ', 929, ', y: ', 708, ', age: ', 1, ', updates: ', 5)
('Seed: ', 44, ' predicted x: ', 859, ', y: ', 795, ', age: ', 1, ', updates: ', 5)
('Seed: ', 45, ' predicted x: ', 684, ', y: ', 691, ', age: ', 1, ', updates: ', 5)
('Seed: ', 46, ' predicted x: ', 916, ', y: ', 615, ', age: ', 1, ', updates: ', 4)
('Seed: ', 47, ' predicted x: ', 820, ', y: ', 620, ', age: ', 1, ', updates: ', 3)
('Seed: ', 48, ' predicted x: ', 742, ', y: ', 504, ', age: ', 1, ', updates: ', 4)
('Seed: ', 49, ' predicted x: ', 848, ', y: ', 431, ', age: ', 1, ', updates: ', 3)
('Seed: ', 50, ' predicted x: ', 1142, ', y: ', 567, ', age: ', 1, ', updates: ', 3)
('Seed: ', 51, ' predicted x: ', 873, ', y: ', 278, ', age: ', 1, ', updates: ', 1)
('Seed: ', 52, ' predicted x: ', 982, ', y: ', 157, ', age: ', 1, ', updates: ', 0)
('Seed: ', 53, ' predicted x: ', 899, ', y: ', 144, ', age: ', 1, ', updates: ', 0)
('Contour: ', 652, ', ', 698)
('Contour: ', 909, ', ', 660)
('Contour: ', 797, ', ', 600)
('Contour: ', 1117, ', ', 597)
('Contour: ', 765, ', ', 492)
('Contour: ', 833, ', ', 415)
('Contour: ', 859, ', ', 263)
('Contour: ', 958, ', ', 163)
('Contour: ', 885, ', ', 130)
('Contour: ', 1004, ', ', 54)
('Seed: ', 42, ' predicted x: ', 993, ', y: ', 388, ', age: ', 7, ', updates: ', 1)
('Seed: ', 43, ' predicted x: ', 929, ', y: ', 738, ', age: ', 2, ', updates: ', 5)
('Seed: ', 45, ' predicted x: ', 652, ', y: ', 818, ', age: ', 1, ', updates: ', 6)
('Seed: ', 46, ' predicted x: ', 909, ', y: ', 780, ', age: ', 1, ', updates: ', 5)
('Seed: ', 47, ' predicted x: ', 797, ', y: ', 720, ', age: ', 1, ', updates: ', 4)
('Seed: ', 48, ' predicted x: ', 765, ', y: ', 612, ', age: ', 1, ', updates: ', 5)
('Seed: ', 49, ' predicted x: ', 833, ', y: ', 535, ', age: ', 1, ', updates: ', 4)
('Seed: ', 50, ' predicted x: ', 1117, ', y: ', 717, ', age: ', 1, ', updates: ', 4)
('Seed: ', 51, ' predicted x: ', 859, ', y: ', 383, ', age: ', 1, ', updates: ', 2)
('Seed: ', 52, ' predicted x: ', 958, ', y: ', 283, ', age: ', 1, ', updates: ', 1)
('Seed: ', 53, ' predicted x: ', 885, ', y: ', 250, ', age: ', 1, ', updates: ', 1)
('Seed: ', 54, ' predicted x: ', 1004, ', y: ', 174, ', age: ', 1, ', updates: ', 0)
('Contour: ', 766, ', ', 700)
('Contour: ', 784, ', ', 606)
('Contour: ', 830, ', ', 520)
('Contour: ', 840, ', ', 363)
('Contour: ', 942, ', ', 308)
('Contour: ', 851, ', ', 248)
('Contour: ', 979, ', ', 141)
('Contour: ', 1178, ', ', 23)
('Contour: ', 983, ', ', 30)
('Contour: ', 879, ', ', 30)
('Contour: ', 758, ', ', 31)
('Seed: ', 42, ' predicted x: ', 993, ', y: ', 417, ', age: ', 8, ', updates: ', 1)
('Seed: ', 42, ' REMOVED')
('Seed: ', 43, ' predicted x: ', 929, ', y: ', 767, ', age: ', 3, ', updates: ', 5)
('Seed: ', 47, ' predicted x: ', 766, ', y: ', 819, ', age: ', 1, ', updates: ', 5)
('Seed: ', 48, ' predicted x: ', 784, ', y: ', 725, ', age: ', 1, ', updates: ', 6)
('Seed: ', 49, ' predicted x: ', 830, ', y: ', 639, ', age: ', 1, ', updates: ', 5)
('Seed: ', 50, ' predicted x: ', 1117, ', y: ', 746, ', age: ', 2, ', updates: ', 4)
('Seed: ', 51, ' predicted x: ', 840, ', y: ', 482, ', age: ', 1, ', updates: ', 3)
('Seed: ', 52, ' predicted x: ', 942, ', y: ', 427, ', age: ', 1, ', updates: ', 2)
('Seed: ', 53, ' predicted x: ', 851, ', y: ', 367, ', age: ', 1, ', updates: ', 2)
('Seed: ', 54, ' predicted x: ', 979, ', y: ', 260, ', age: ', 1, ', updates: ', 1)
('Seed: ', 55, ' predicted x: ', 1178, ', y: ', 142, ', age: ', 1, ', updates: ', 0)
('Seed: ', 56, ' predicted x: ', 983, ', y: ', 149, ', age: ', 1, ', updates: ', 0)
('Seed: ', 57, ' predicted x: ', 879, ', y: ', 149, ', age: ', 1, ', updates: ', 0)
('Seed: ', 58, ' predicted x: ', 758, ', y: ', 150, ', age: ', 1, ', updates: ', 0)
('Contour: ', 779, ', ', 707)
('Contour: ', 847, ', ', 626)
('Contour: ', 925, ', ', 457)
('Contour: ', 819, ', ', 424)
('Contour: ', 950, ', ', 241)
('Contour: ', 1177, ', ', 159)
('Contour: ', 718, ', ', 134)
('Contour: ', 892, ', ', 125)
('Contour: ', 834, ', ', 14)
('Contour: ', 674, ', ', 21)
('Seed: ', 43, ' predicted x: ', 929, ', y: ', 796, ', age: ', 4, ', updates: ', 5)
('Seed: ', 48, ' predicted x: ', 779, ', y: ', 825, ', age: ', 1, ', updates: ', 7)
('Seed: ', 49, ' predicted x: ', 847, ', y: ', 744, ', age: ', 1, ', updates: ', 6)
('Seed: ', 50, ' predicted x: ', 1117, ', y: ', 775, ', age: ', 3, ', updates: ', 4)
('Seed: ', 51, ' predicted x: ', 819, ', y: ', 542, ', age: ', 1, ', updates: ', 4)
('Seed: ', 52, ' predicted x: ', 925, ', y: ', 575, ', age: ', 1, ', updates: ', 3)
('Seed: ', 53, ' predicted x: ', 851, ', y: ', 396, ', age: ', 2, ', updates: ', 2)
('Seed: ', 54, ' predicted x: ', 950, ', y: ', 359, ', age: ', 1, ', updates: ', 2)
('Seed: ', 55, ' predicted x: ', 1177, ', y: ', 277, ', age: ', 1, ', updates: ', 1)
('Seed: ', 56, ' predicted x: ', 674, ', y: ', 139, ', age: ', 1, ', updates: ', 1)
('Seed: ', 57, ' predicted x: ', 892, ', y: ', 243, ', age: ', 1, ', updates: ', 1)
('Seed: ', 58, ' predicted x: ', 718, ', y: ', 252, ', age: ', 1, ', updates: ', 1)
('Seed: ', 59, ' predicted x: ', 834, ', y: ', 132, ', age: ', 1, ', updates: ', 0)
('Contour: ', 866, ', ', 708)
('Contour: ', 807, ', ', 628)
('Contour: ', 911, ', ', 616)
('Contour: ', 786, ', ', 461)
('Contour: ', 927, ', ', 330)
('Contour: ', 1182, ', ', 307)
('Contour: ', 684, ', ', 250)
('Contour: ', 855, ', ', 228)
('Contour: ', 620, ', ', 141)
('Contour: ', 798, ', ', 93)
('Contour: ', 882, ', ', 4)
('Seed: ', 49, ' predicted x: ', 866, ', y: ', 827, ', age: ', 1, ', updates: ', 7)
('Seed: ', 51, ' predicted x: ', 807, ', y: ', 747, ', age: ', 1, ', updates: ', 5)
('Seed: ', 52, ' predicted x: ', 911, ', y: ', 735, ', age: ', 1, ', updates: ', 4)
('Seed: ', 53, ' predicted x: ', 786, ', y: ', 580, ', age: ', 1, ', updates: ', 3)
('Seed: ', 54, ' predicted x: ', 927, ', y: ', 449, ', age: ', 1, ', updates: ', 3)
('Seed: ', 55, ' predicted x: ', 1182, ', y: ', 426, ', age: ', 1, ', updates: ', 2)
('Seed: ', 56, ' predicted x: ', 620, ', y: ', 260, ', age: ', 1, ', updates: ', 2)
('Seed: ', 57, ' predicted x: ', 855, ', y: ', 347, ', age: ', 1, ', updates: ', 2)
('Seed: ', 58, ' predicted x: ', 684, ', y: ', 369, ', age: ', 1, ', updates: ', 2)
('Seed: ', 59, ' predicted x: ', 798, ', y: ', 212, ', age: ', 1, ', updates: ', 1)
('Seed: ', 60, ' predicted x: ', 882, ', y: ', 123, ', age: ', 1, ', updates: ', 0)
('Contour: ', 765, ', ', 543)
('Contour: ', 1182, ', ', 475)
('Contour: ', 909, ', ', 451)
('Contour: ', 652, ', ', 363)
('Contour: ', 821, ', ', 334)
('Contour: ', 569, ', ', 276)
('Contour: ', 758, ', ', 202)
('Contour: ', 837, ', ', 79)
('Contour: ', 1178, ', ', 9)
('Contour: ', 1046, ', ', 28)
('Contour: ', 737, ', ', 18)
('Seed: ', 51, ' predicted x: ', 807, ', y: ', 777, ', age: ', 2, ', updates: ', 5)
('Seed: ', 52, ' predicted x: ', 911, ', y: ', 765, ', age: ', 2, ', updates: ', 4)
('Seed: ', 53, ' predicted x: ', 765, ', y: ', 662, ', age: ', 1, ', updates: ', 4)
('Seed: ', 54, ' predicted x: ', 909, ', y: ', 570, ', age: ', 1, ', updates: ', 4)
('Seed: ', 55, ' predicted x: ', 1182, ', y: ', 594, ', age: ', 1, ', updates: ', 3)
('Seed: ', 56, ' predicted x: ', 569, ', y: ', 395, ', age: ', 1, ', updates: ', 3)
('Seed: ', 57, ' predicted x: ', 821, ', y: ', 453, ', age: ', 1, ', updates: ', 3)
('Seed: ', 58, ' predicted x: ', 652, ', y: ', 482, ', age: ', 1, ', updates: ', 3)
('Seed: ', 59, ' predicted x: ', 758, ', y: ', 321, ', age: ', 1, ', updates: ', 2)
('Seed: ', 60, ' predicted x: ', 837, ', y: ', 198, ', age: ', 1, ', updates: ', 1)
('Seed: ', 61, ' predicted x: ', 1178, ', y: ', 128, ', age: ', 1, ', updates: ', 0)
('Seed: ', 62, ' predicted x: ', 1046, ', y: ', 147, ', age: ', 1, ', updates: ', 0)
('Seed: ', 63, ' predicted x: ', 737, ', y: ', 137, ', age: ', 1, ', updates: ', 0)
('Contour: ', 1166, ', ', 648)
('Contour: ', 756, ', ', 631)
('Contour: ', 896, ', ', 581)
('Contour: ', 624, ', ', 493)
('Contour: ', 823, ', ', 464)
('Contour: ', 519, ', ', 425)
('Contour: ', 746, ', ', 422)
('Contour: ', 717, ', ', 311)
('Contour: ', 787, ', ', 185)
('Contour: ', 1037, ', ', 144)
('Contour: ', 1162, ', ', 123)
('Contour: ', 695, ', ', 93)
('Contour: ', 968, ', ', 19)
('Contour: ', 881, ', ', 7)
('Seed: ', 52, ' predicted x: ', 911, ', y: ', 796, ', age: ', 3, ', updates: ', 4)
('Seed: ', 53, ' predicted x: ', 756, ', y: ', 751, ', age: ', 1, ', updates: ', 5)
('Seed: ', 54, ' predicted x: ', 896, ', y: ', 701, ', age: ', 1, ', updates: ', 5)
('Seed: ', 55, ' predicted x: ', 1166, ', y: ', 768, ', age: ', 1, ', updates: ', 4)
('Seed: ', 56, ' predicted x: ', 519, ', y: ', 545, ', age: ', 1, ', updates: ', 4)
('Seed: ', 57, ' predicted x: ', 823, ', y: ', 584, ', age: ', 1, ', updates: ', 4)
('Seed: ', 58, ' predicted x: ', 624, ', y: ', 613, ', age: ', 1, ', updates: ', 4)
('Seed: ', 59, ' predicted x: ', 746, ', y: ', 542, ', age: ', 1, ', updates: ', 3)
('Seed: ', 60, ' predicted x: ', 717, ', y: ', 431, ', age: ', 1, ', updates: ', 2)
('Seed: ', 61, ' predicted x: ', 1162, ', y: ', 243, ', age: ', 1, ', updates: ', 1)
('Seed: ', 62, ' predicted x: ', 1037, ', y: ', 264, ', age: ', 1, ', updates: ', 1)
('Seed: ', 63, ' predicted x: ', 787, ', y: ', 305, ', age: ', 1, ', updates: ', 1)
('Seed: ', 64, ' predicted x: ', 695, ', y: ', 213, ', age: ', 1, ', updates: ', 0)
('Seed: ', 65, ' predicted x: ', 968, ', y: ', 139, ', age: ', 1, ', updates: ', 0)
('Seed: ', 66, ' predicted x: ', 881, ', y: ', 127, ', age: ', 1, ', updates: ', 0)
('Contour: ', 755, ', ', 709)
('Contour: ', 890, ', ', 694)
('Contour: ', 615, ', ', 629)
('Contour: ', 472, ', ', 581)
('Contour: ', 804, ', ', 585)
('Contour: ', 718, ', ', 520)
('Contour: ', 674, ', ', 421)
('Contour: ', 741, ', ', 286)
('Contour: ', 1146, ', ', 277)
('Contour: ', 1023, ', ', 271)
('Contour: ', 659, ', ', 203)
('Contour: ', 838, ', ', 100)
('Contour: ', 1082, ', ', 10)
('Contour: ', 939, ', ', 81)
('Contour: ', 826, ', ', 15)
('Seed: ', 53, ' predicted x: ', 755, ', y: ', 828, ', age: ', 1, ', updates: ', 6)
('Seed: ', 54, ' predicted x: ', 890, ', y: ', 813, ', age: ', 1, ', updates: ', 6)
('Seed: ', 55, ' predicted x: ', 1166, ', y: ', 797, ', age: ', 2, ', updates: ', 4)
('Seed: ', 56, ' predicted x: ', 472, ', y: ', 700, ', age: ', 1, ', updates: ', 5)
('Seed: ', 57, ' predicted x: ', 804, ', y: ', 704, ', age: ', 1, ', updates: ', 5)
('Seed: ', 58, ' predicted x: ', 615, ', y: ', 748, ', age: ', 1, ', updates: ', 5)
('Seed: ', 59, ' predicted x: ', 718, ', y: ', 639, ', age: ', 1, ', updates: ', 4)
('Seed: ', 60, ' predicted x: ', 674, ', y: ', 540, ', age: ', 1, ', updates: ', 3)
('Seed: ', 61, ' predicted x: ', 1146, ', y: ', 396, ', age: ', 1, ', updates: ', 2)
('Seed: ', 62, ' predicted x: ', 1023, ', y: ', 390, ', age: ', 1, ', updates: ', 2)
('Seed: ', 63, ' predicted x: ', 741, ', y: ', 405, ', age: ', 1, ', updates: ', 2)
('Seed: ', 64, ' predicted x: ', 659, ', y: ', 322, ', age: ', 1, ', updates: ', 1)
('Seed: ', 65, ' predicted x: ', 1082, ', y: ', 129, ', age: ', 1, ', updates: ', 1)
('Seed: ', 66, ' predicted x: ', 838, ', y: ', 219, ', age: ', 1, ', updates: ', 1)
('Seed: ', 67, ' predicted x: ', 939, ', y: ', 200, ', age: ', 1, ', updates: ', 0)
('Seed: ', 68, ' predicted x: ', 826, ', y: ', 134, ', age: ', 1, ', updates: ', 0)
('Contour: ', 792, ', ', 706)
('Contour: ', 698, ', ', 617)
('Contour: ', 625, ', ', 526)
('Contour: ', 1123, ', ', 438)
('Contour: ', 1007, ', ', 400)
('Contour: ', 698, ', ', 396)
('Contour: ', 627, ', ', 326)
('Contour: ', 956, ', ', 252)
('Contour: ', 804, ', ', 234)
('Contour: ', 892, ', ', 157)
('Contour: ', 789, ', ', 105)
('Contour: ', 1068, ', ', 82)
('Contour: ', 909, ', ', 46)
('Seed: ', 56, ' predicted x: ', 472, ', y: ', 730, ', age: ', 2, ', updates: ', 5)
('Seed: ', 57, ' predicted x: ', 792, ', y: ', 825, ', age: ', 1, ', updates: ', 6)
('Seed: ', 58, ' predicted x: ', 615, ', y: ', 778, ', age: ', 2, ', updates: ', 5)
('Seed: ', 59, ' predicted x: ', 698, ', y: ', 736, ', age: ', 1, ', updates: ', 5)
('Seed: ', 60, ' predicted x: ', 625, ', y: ', 645, ', age: ', 1, ', updates: ', 4)
('Seed: ', 61, ' predicted x: ', 1123, ', y: ', 557, ', age: ', 1, ', updates: ', 3)
('Seed: ', 62, ' predicted x: ', 1007, ', y: ', 519, ', age: ', 1, ', updates: ', 3)
('Seed: ', 63, ' predicted x: ', 698, ', y: ', 515, ', age: ', 1, ', updates: ', 3)
('Seed: ', 64, ' predicted x: ', 627, ', y: ', 445, ', age: ', 1, ', updates: ', 2)
('Seed: ', 65, ' predicted x: ', 789, ', y: ', 224, ', age: ', 1, ', updates: ', 2)
('Seed: ', 66, ' predicted x: ', 804, ', y: ', 353, ', age: ', 1, ', updates: ', 2)
('Seed: ', 67, ' predicted x: ', 956, ', y: ', 371, ', age: ', 1, ', updates: ', 1)
('Seed: ', 68, ' predicted x: ', 892, ', y: ', 276, ', age: ', 1, ', updates: ', 1)
('Seed: ', 69, ' predicted x: ', 1068, ', y: ', 201, ', age: ', 1, ', updates: ', 0)
('Seed: ', 70, ' predicted x: ', 909, ', y: ', 165, ', age: ', 1, ', updates: ', 0)
('Contour: ', 673, ', ', 703)
('Contour: ', 577, ', ', 650)
('Contour: ', 1096, ', ', 606)
('Contour: ', 991, ', ', 530)
('Contour: ', 666, ', ', 515)
('Contour: ', 617, ', ', 437)
('Contour: ', 959, ', ', 400)
('Contour: ', 783, ', ', 358)
('Contour: ', 764, ', ', 230)
('Contour: ', 1045, ', ', 193)
('Contour: ', 870, ', ', 223)
('Contour: ', 834, ', ', 67)
('Contour: ', 869, ', ', 4)
('Seed: ', 56, ' predicted x: ', 472, ', y: ', 760, ', age: ', 3, ', updates: ', 5)
('Seed: ', 59, ' predicted x: ', 673, ', y: ', 822, ', age: ', 1, ', updates: ', 6)
('Seed: ', 60, ' predicted x: ', 577, ', y: ', 769, ', age: ', 1, ', updates: ', 5)
('Seed: ', 61, ' predicted x: ', 1096, ', y: ', 725, ', age: ', 1, ', updates: ', 4)
('Seed: ', 62, ' predicted x: ', 991, ', y: ', 649, ', age: ', 1, ', updates: ', 4)
('Seed: ', 63, ' predicted x: ', 666, ', y: ', 634, ', age: ', 1, ', updates: ', 4)
('Seed: ', 64, ' predicted x: ', 617, ', y: ', 556, ', age: ', 1, ', updates: ', 3)
('Seed: ', 65, ' predicted x: ', 764, ', y: ', 349, ', age: ', 1, ', updates: ', 3)
('Seed: ', 66, ' predicted x: ', 783, ', y: ', 477, ', age: ', 1, ', updates: ', 3)
('Seed: ', 67, ' predicted x: ', 959, ', y: ', 519, ', age: ', 1, ', updates: ', 2)
('Seed: ', 68, ' predicted x: ', 870, ', y: ', 342, ', age: ', 1, ', updates: ', 2)
('Seed: ', 69, ' predicted x: ', 1045, ', y: ', 312, ', age: ', 1, ', updates: ', 1)
('Seed: ', 70, ' predicted x: ', 834, ', y: ', 186, ', age: ', 1, ', updates: ', 1)
('Seed: ', 71, ' predicted x: ', 869, ', y: ', 123, ', age: ', 1, ', updates: ', 0)
('Contour: ', 977, ', ', 663)
('Contour: ', 641, ', ', 653)
('Contour: ', 608, ', ', 552)
('Contour: ', 961, ', ', 554)
('Contour: ', 761, ', ', 501)
('Contour: ', 825, ', ', 420)
('Contour: ', 749, ', ', 365)
('Contour: ', 1017, ', ', 302)
('Contour: ', 847, ', ', 287)
('Contour: ', 795, ', ', 179)
('Contour: ', 804, ', ', 61)
('Contour: ', 1108, ', ', 21)
('Contour: ', 931, ', ', 22)
('Seed: ', 56, ' predicted x: ', 472, ', y: ', 791, ', age: ', 4, ', updates: ', 5)
('Seed: ', 61, ' predicted x: ', 1096, ', y: ', 756, ', age: ', 2, ', updates: ', 4)
('Seed: ', 62, ' predicted x: ', 977, ', y: ', 783, ', age: ', 1, ', updates: ', 5)
('Seed: ', 63, ' predicted x: ', 641, ', y: ', 773, ', age: ', 1, ', updates: ', 5)
('Seed: ', 64, ' predicted x: ', 608, ', y: ', 672, ', age: ', 1, ', updates: ', 4)
('Seed: ', 65, ' predicted x: ', 749, ', y: ', 485, ', age: ', 1, ', updates: ', 4)
('Seed: ', 66, ' predicted x: ', 761, ', y: ', 621, ', age: ', 1, ', updates: ', 4)
('Seed: ', 67, ' predicted x: ', 961, ', y: ', 674, ', age: ', 1, ', updates: ', 3)
('Seed: ', 68, ' predicted x: ', 825, ', y: ', 540, ', age: ', 1, ', updates: ', 3)
('Seed: ', 69, ' predicted x: ', 1017, ', y: ', 422, ', age: ', 1, ', updates: ', 2)
('Seed: ', 70, ' predicted x: ', 847, ', y: ', 407, ', age: ', 1, ', updates: ', 2)
('Seed: ', 71, ' predicted x: ', 795, ', y: ', 299, ', age: ', 1, ', updates: ', 1)
('Seed: ', 72, ' predicted x: ', 804, ', y: ', 181, ', age: ', 1, ', updates: ', 0)
('Seed: ', 73, ' predicted x: ', 1108, ', y: ', 141, ', age: ', 1, ', updates: ', 0)
('Seed: ', 74, ' predicted x: ', 931, ', y: ', 142, ', age: ', 1, ', updates: ', 0)
('Contour: ', 971, ', ', 689)
('Contour: ', 613, ', ', 671)
('Contour: ', 744, ', ', 659)
('Contour: ', 797, ', ', 565)
('Contour: ', 730, ', ', 502)
('Contour: ', 988, ', ', 411)
('Contour: ', 816, ', ', 400)
('Contour: ', 754, ', ', 290)
('Contour: ', 822, ', ', 197)
('Contour: ', 911, ', ', 157)
('Contour: ', 736, ', ', 147)
('Contour: ', 1083, ', ', 129)
('Contour: ', 838, ', ', 47)
('Contour: ', 724, ', ', 17)
('Seed: ', 61, ' predicted x: ', 1096, ', y: ', 786, ', age: ', 3, ', updates: ', 4)
('Seed: ', 64, ' predicted x: ', 613, ', y: ', 791, ', age: ', 1, ', updates: ', 5)
('Seed: ', 65, ' predicted x: ', 730, ', y: ', 622, ', age: ', 1, ', updates: ', 5)
('Seed: ', 66, ' predicted x: ', 744, ', y: ', 779, ', age: ', 1, ', updates: ', 5)
('Seed: ', 67, ' predicted x: ', 971, ', y: ', 809, ', age: ', 1, ', updates: ', 4)
('Seed: ', 68, ' predicted x: ', 797, ', y: ', 685, ', age: ', 1, ', updates: ', 4)
('Seed: ', 69, ' predicted x: ', 988, ', y: ', 531, ', age: ', 1, ', updates: ', 3)
('Seed: ', 70, ' predicted x: ', 816, ', y: ', 520, ', age: ', 1, ', updates: ', 3)
('Seed: ', 71, ' predicted x: ', 754, ', y: ', 410, ', age: ', 1, ', updates: ', 2)
('Seed: ', 72, ' predicted x: ', 822, ', y: ', 317, ', age: ', 1, ', updates: ', 1)
('Seed: ', 73, ' predicted x: ', 736, ', y: ', 267, ', age: ', 1, ', updates: ', 1)
('Seed: ', 74, ' predicted x: ', 911, ', y: ', 277, ', age: ', 1, ', updates: ', 1)
('Seed: ', 75, ' predicted x: ', 1083, ', y: ', 249, ', age: ', 1, ', updates: ', 0)
('Seed: ', 76, ' predicted x: ', 838, ', y: ', 167, ', age: ', 1, ', updates: ', 0)
('Seed: ', 77, ' predicted x: ', 724, ', y: ', 137, ', age: ', 1, ', updates: ', 0)
('Contour: ', 784, ', ', 710)
('Contour: ', 709, ', ', 644)
('Contour: ', 960, ', ', 521)
('Contour: ', 785, ', ', 518)
('Contour: ', 715, ', ', 411)
('Contour: ', 900, ', ', 323)
('Contour: ', 794, ', ', 322)
('Contour: ', 701, ', ', 248)
('Contour: ', 1054, ', ', 264)
('Contour: ', 814, ', ', 183)
('Contour: ', 698, ', ', 100)
('Contour: ', 1056, ', ', 51)
('Contour: ', 927, ', ', 38)
('Contour: ', 787, ', ', 5)
('Seed: ', 65, ' predicted x: ', 709, ', y: ', 764, ', age: ', 1, ', updates: ', 6)
('Seed: ', 68, ' predicted x: ', 784, ', y: ', 830, ', age: ', 1, ', updates: ', 5)
('Seed: ', 69, ' predicted x: ', 960, ', y: ', 641, ', age: ', 1, ', updates: ', 4)
('Seed: ', 70, ' predicted x: ', 785, ', y: ', 638, ', age: ', 1, ', updates: ', 4)
('Seed: ', 71, ' predicted x: ', 715, ', y: ', 531, ', age: ', 1, ', updates: ', 3)
('Seed: ', 72, ' predicted x: ', 794, ', y: ', 442, ', age: ', 1, ', updates: ', 2)
('Seed: ', 73, ' predicted x: ', 701, ', y: ', 368, ', age: ', 1, ', updates: ', 2)
('Seed: ', 74, ' predicted x: ', 900, ', y: ', 443, ', age: ', 1, ', updates: ', 2)
('Seed: ', 75, ' predicted x: ', 1054, ', y: ', 384, ', age: ', 1, ', updates: ', 1)
('Seed: ', 76, ' predicted x: ', 814, ', y: ', 303, ', age: ', 1, ', updates: ', 1)
('Seed: ', 77, ' predicted x: ', 698, ', y: ', 220, ', age: ', 1, ', updates: ', 1)
('Seed: ', 78, ' predicted x: ', 1056, ', y: ', 171, ', age: ', 1, ', updates: ', 0)
('Seed: ', 79, ' predicted x: ', 927, ', y: ', 158, ', age: ', 1, ', updates: ', 0)
('Seed: ', 80, ' predicted x: ', 787, ', y: ', 125, ', age: ', 1, ', updates: ', 0)
('Contour: ', 746, ', ', 634)
('Contour: ', 936, ', ', 629)
('Contour: ', 677, ', ', 541)
('Contour: ', 880, ', ', 466)
('Contour: ', 768, ', ', 463)
('Contour: ', 1017, ', ', 386)
('Contour: ', 669, ', ', 360)
('Contour: ', 792, ', ', 325)
('Contour: ', 674, ', ', 203)
('Contour: ', 1050, ', ', 180)
('Contour: ', 907, ', ', 155)
('Contour: ', 980, ', ', 76)
('Contour: ', 746, ', ', 74)
('Contour: ', 907, ', ', 50)
('Contour: ', 819, ', ', 10)
('Seed: ', 65, ' predicted x: ', 709, ', y: ', 794, ', age: ', 2, ', updates: ', 6)
('Seed: ', 69, ' predicted x: ', 936, ', y: ', 749, ', age: ', 1, ', updates: ', 5)
('Seed: ', 70, ' predicted x: ', 746, ', y: ', 754, ', age: ', 1, ', updates: ', 5)
('Seed: ', 71, ' predicted x: ', 677, ', y: ', 661, ', age: ', 1, ', updates: ', 4)
('Seed: ', 72, ' predicted x: ', 768, ', y: ', 583, ', age: ', 1, ', updates: ', 3)
('Seed: ', 73, ' predicted x: ', 669, ', y: ', 480, ', age: ', 1, ', updates: ', 3)
('Seed: ', 74, ' predicted x: ', 880, ', y: ', 586, ', age: ', 1, ', updates: ', 3)
('Seed: ', 75, ' predicted x: ', 1017, ', y: ', 506, ', age: ', 1, ', updates: ', 2)
('Seed: ', 76, ' predicted x: ', 792, ', y: ', 445, ', age: ', 1, ', updates: ', 2)
('Seed: ', 77, ' predicted x: ', 674, ', y: ', 323, ', age: ', 1, ', updates: ', 2)
('Seed: ', 78, ' predicted x: ', 1050, ', y: ', 300, ', age: ', 1, ', updates: ', 1)
('Seed: ', 79, ' predicted x: ', 907, ', y: ', 275, ', age: ', 1, ', updates: ', 1)
('Seed: ', 80, ' predicted x: ', 980, ', y: ', 196, ', age: ', 1, ', updates: ', 1)
('Seed: ', 81, ' predicted x: ', 746, ', y: ', 194, ', age: ', 1, ', updates: ', 0)
('Seed: ', 82, ' predicted x: ', 907, ', y: ', 170, ', age: ', 1, ', updates: ', 0)
('Seed: ', 83, ' predicted x: ', 819, ', y: ', 130, ', age: ', 1, ', updates: ', 0)
('Contour: ', 919, ', ', 710)
('Contour: ', 644, ', ', 670)
('Contour: ', 856, ', ', 617)
('Contour: ', 747, ', ', 608)
('Contour: ', 977, ', ', 517)
('Contour: ', 648, ', ', 479)
('Contour: ', 780, ', ', 482)
('Contour: ', 654, ', ', 297)
('Contour: ', 1043, ', ', 312)
('Contour: ', 886, ', ', 288)
('Contour: ', 949, ', ', 199)
('Contour: ', 872, ', ', 176)
('Contour: ', 699, ', ', 172)
('Contour: ', 782, ', ', 96)
('Contour: ', 984, ', ', 25)
('Seed: ', 69, ' predicted x: ', 919, ', y: ', 830, ', age: ', 1, ', updates: ', 6)
('Seed: ', 70, ' predicted x: ', 746, ', y: ', 784, ', age: ', 2, ', updates: ', 5)
('Seed: ', 71, ' predicted x: ', 644, ', y: ', 790, ', age: ', 1, ', updates: ', 5)
('Seed: ', 72, ' predicted x: ', 747, ', y: ', 728, ', age: ', 1, ', updates: ', 4)
('Seed: ', 73, ' predicted x: ', 648, ', y: ', 599, ', age: ', 1, ', updates: ', 4)
('Seed: ', 74, ' predicted x: ', 856, ', y: ', 737, ', age: ', 1, ', updates: ', 4)
('Seed: ', 75, ' predicted x: ', 977, ', y: ', 637, ', age: ', 1, ', updates: ', 3)
('Seed: ', 76, ' predicted x: ', 780, ', y: ', 602, ', age: ', 1, ', updates: ', 3)
('Seed: ', 77, ' predicted x: ', 654, ', y: ', 417, ', age: ', 1, ', updates: ', 3)
('Seed: ', 78, ' predicted x: ', 1043, ', y: ', 432, ', age: ', 1, ', updates: ', 2)
('Seed: ', 79, ' predicted x: ', 886, ', y: ', 408, ', age: ', 1, ', updates: ', 2)
('Seed: ', 80, ' predicted x: ', 949, ', y: ', 319, ', age: ', 1, ', updates: ', 2)
('Seed: ', 81, ' predicted x: ', 699, ', y: ', 292, ', age: ', 1, ', updates: ', 1)
('Seed: ', 82, ' predicted x: ', 872, ', y: ', 296, ', age: ', 1, ', updates: ', 1)
('Seed: ', 83, ' predicted x: ', 782, ', y: ', 216, ', age: ', 1, ', updates: ', 1)
('Seed: ', 84, ' predicted x: ', 984, ', y: ', 145, ', age: ', 1, ', updates: ', 0)
('Contour: ', 944, ', ', 659)
('Contour: ', 776, ', ', 646)
('Contour: ', 634, ', ', 603)
('Contour: ', 1041, ', ', 443)
('Contour: ', 866, ', ', 416)
('Contour: ', 920, ', ', 317)
('Contour: ', 841, ', ', 309)
('Contour: ', 643, ', ', 338)
('Contour: ', 747, ', ', 221)
('Contour: ', 920, ', ', 77)
('Seed: ', 72, ' predicted x: ', 747, ', y: ', 759, ', age: ', 2, ', updates: ', 4)
('Seed: ', 73, ' predicted x: ', 634, ', y: ', 724, ', age: ', 1, ', updates: ', 5)
('Seed: ', 74, ' predicted x: ', 856, ', y: ', 768, ', age: ', 2, ', updates: ', 4)
('Seed: ', 75, ' predicted x: ', 944, ', y: ', 780, ', age: ', 1, ', updates: ', 4)
('Seed: ', 76, ' predicted x: ', 776, ', y: ', 767, ', age: ', 1, ', updates: ', 4)
('Seed: ', 77, ' predicted x: ', 654, ', y: ', 448, ', age: ', 2, ', updates: ', 3)
('Seed: ', 78, ' predicted x: ', 1041, ', y: ', 564, ', age: ', 1, ', updates: ', 3)
('Seed: ', 79, ' predicted x: ', 866, ', y: ', 537, ', age: ', 1, ', updates: ', 3)
('Seed: ', 80, ' predicted x: ', 920, ', y: ', 438, ', age: ', 1, ', updates: ', 3)
('Seed: ', 81, ' predicted x: ', 643, ', y: ', 459, ', age: ', 1, ', updates: ', 2)
('Seed: ', 82, ' predicted x: ', 841, ', y: ', 430, ', age: ', 1, ', updates: ', 2)
('Seed: ', 83, ' predicted x: ', 747, ', y: ', 342, ', age: ', 1, ', updates: ', 2)
('Seed: ', 84, ' predicted x: ', 920, ', y: ', 198, ', age: ', 1, ', updates: ', 1)
('Contour: ', 616, ', ', 710)
('Contour: ', 1041, ', ', 577)
('Contour: ', 613, ', ', 527)
('Contour: ', 600, ', ', 410)
('Contour: ', 721, ', ', 358)
('Contour: ', 925, ', ', 252)
('Contour: ', 834, ', ', 196)
('Contour: ', 907, ', ', 122)
('Contour: ', 970, ', ', 14)
('Contour: ', 835, ', ', 11)
('Seed: ', 72, ' predicted x: ', 747, ', y: ', 789, ', age: ', 3, ', updates: ', 4)
('Seed: ', 73, ' predicted x: ', 616, ', y: ', 831, ', age: ', 1, ', updates: ', 6)
('Seed: ', 74, ' predicted x: ', 856, ', y: ', 798, ', age: ', 3, ', updates: ', 4)
('Seed: ', 76, ' predicted x: ', 776, ', y: ', 797, ', age: ', 2, ', updates: ', 4)
('Seed: ', 77, ' predicted x: ', 600, ', y: ', 531, ', age: ', 1, ', updates: ', 4)
('Seed: ', 78, ' predicted x: ', 1041, ', y: ', 698, ', age: ', 1, ', updates: ', 4)
('Seed: ', 79, ' predicted x: ', 866, ', y: ', 567, ', age: ', 2, ', updates: ', 3)
('Seed: ', 80, ' predicted x: ', 920, ', y: ', 468, ', age: ', 2, ', updates: ', 3)
('Seed: ', 81, ' predicted x: ', 613, ', y: ', 648, ', age: ', 1, ', updates: ', 3)
('Seed: ', 82, ' predicted x: ', 841, ', y: ', 460, ', age: ', 2, ', updates: ', 2)
('Seed: ', 83, ' predicted x: ', 721, ', y: ', 479, ', age: ', 1, ', updates: ', 3)
('Seed: ', 84, ' predicted x: ', 925, ', y: ', 373, ', age: ', 1, ', updates: ', 2)
('Seed: ', 85, ' predicted x: ', 834, ', y: ', 317, ', age: ', 1, ', updates: ', 0)
('Seed: ', 86, ' predicted x: ', 907, ', y: ', 243, ', age: ', 1, ', updates: ', 0)
('Seed: ', 87, ' predicted x: ', 970, ', y: ', 135, ', age: ', 1, ', updates: ', 0)
('Seed: ', 88, ' predicted x: ', 835, ', y: ', 132, ', age: ', 1, ', updates: ', 0)
('Contour: ', 1036, ', ', 700)
('Contour: ', 831, ', ', 694)
('Contour: ', 600, ', ', 658)
('Contour: ', 786, ', ', 605)
('Contour: ', 873, ', ', 589)
('Contour: ', 555, ', ', 532)
('Contour: ', 699, ', ', 511)
('Contour: ', 910, ', ', 382)
('Contour: ', 792, ', ', 335)
('Contour: ', 875, ', ', 249)
('Contour: ', 920, ', ', 127)
('Contour: ', 785, ', ', 91)
('Contour: ', 978, ', ', 27)
('Seed: ', 74, ' predicted x: ', 831, ', y: ', 815, ', age: ', 1, ', updates: ', 5)
('Seed: ', 77, ' predicted x: ', 555, ', y: ', 653, ', age: ', 1, ', updates: ', 5)
('Seed: ', 78, ' predicted x: ', 1036, ', y: ', 821, ', age: ', 1, ', updates: ', 5)
('Seed: ', 79, ' predicted x: ', 786, ', y: ', 726, ', age: ', 1, ', updates: ', 4)
('Seed: ', 80, ' predicted x: ', 873, ', y: ', 710, ', age: ', 1, ', updates: ', 4)
('Seed: ', 81, ' predicted x: ', 600, ', y: ', 779, ', age: ', 1, ', updates: ', 4)
('Seed: ', 82, ' predicted x: ', 841, ', y: ', 490, ', age: ', 3, ', updates: ', 2)
('Seed: ', 83, ' predicted x: ', 699, ', y: ', 632, ', age: ', 1, ', updates: ', 4)
('Seed: ', 84, ' predicted x: ', 910, ', y: ', 503, ', age: ', 1, ', updates: ', 3)
('Seed: ', 85, ' predicted x: ', 792, ', y: ', 456, ', age: ', 1, ', updates: ', 1)
('Seed: ', 86, ' predicted x: ', 875, ', y: ', 370, ', age: ', 1, ', updates: ', 1)
('Seed: ', 87, ' predicted x: ', 920, ', y: ', 248, ', age: ', 1, ', updates: ', 1)
('Seed: ', 88, ' predicted x: ', 785, ', y: ', 212, ', age: ', 1, ', updates: ', 1)
('Seed: ', 89, ' predicted x: ', 978, ', y: ', 148, ', age: ', 1, ', updates: ', 0)
('Contour: ', 866, ', ', 707)
('Contour: ', 506, ', ', 669)
('Contour: ', 686, ', ', 668)
('Contour: ', 900, ', ', 525)
('Contour: ', 755, ', ', 474)
('Contour: ', 851, ', ', 337)
('Contour: ', 747, ', ', 196)
('Contour: ', 941, ', ', 162)
('Contour: ', 939, ', ', 53)
('Contour: ', 990, ', ', 4)
('Seed: ', 77, ' predicted x: ', 506, ', y: ', 790, ', age: ', 1, ', updates: ', 6)
('Seed: ', 79, ' predicted x: ', 786, ', y: ', 756, ', age: ', 2, ', updates: ', 4)
('Seed: ', 80, ' predicted x: ', 866, ', y: ', 828, ', age: ', 1, ', updates: ', 5)
('Seed: ', 82, ' predicted x: ', 841, ', y: ', 520, ', age: ', 4, ', updates: ', 2)
('Seed: ', 83, ' predicted x: ', 686, ', y: ', 789, ', age: ', 1, ', updates: ', 5)
('Seed: ', 84, ' predicted x: ', 900, ', y: ', 646, ', age: ', 1, ', updates: ', 4)
('Seed: ', 85, ' predicted x: ', 755, ', y: ', 595, ', age: ', 1, ', updates: ', 2)
('Seed: ', 86, ' predicted x: ', 851, ', y: ', 458, ', age: ', 1, ', updates: ', 2)
('Seed: ', 87, ' predicted x: ', 920, ', y: ', 278, ', age: ', 2, ', updates: ', 1)
('Seed: ', 88, ' predicted x: ', 747, ', y: ', 317, ', age: ', 1, ', updates: ', 2)
('Seed: ', 89, ' predicted x: ', 941, ', y: ', 283, ', age: ', 1, ', updates: ', 1)
('Seed: ', 90, ' predicted x: ', 939, ', y: ', 174, ', age: ', 1, ', updates: ', 0)
('Seed: ', 91, ' predicted x: ', 990, ', y: ', 125, ', age: ', 1, ', updates: ', 0)
('Contour: ', 915, ', ', 661)
('Contour: ', 726, ', ', 616)
('Contour: ', 799, ', ', 550)
('Contour: ', 810, ', ', 432)
('Contour: ', 710, ', ', 324)
('Contour: ', 909, ', ', 310)
('Contour: ', 916, ', ', 181)
('Contour: ', 973, ', ', 57)
('Seed: ', 79, ' predicted x: ', 786, ', y: ', 786, ', age: ', 3, ', updates: ', 4)
('Seed: ', 82, ' predicted x: ', 799, ', y: ', 671, ', age: ', 1, ', updates: ', 3)
('Seed: ', 84, ' predicted x: ', 915, ', y: ', 782, ', age: ', 1, ', updates: ', 5)
('Seed: ', 85, ' predicted x: ', 726, ', y: ', 737, ', age: ', 1, ', updates: ', 3)
('Seed: ', 86, ' predicted x: ', 810, ', y: ', 553, ', age: ', 1, ', updates: ', 3)
('Seed: ', 87, ' predicted x: ', 909, ', y: ', 431, ', age: ', 1, ', updates: ', 2)
('Seed: ', 88, ' predicted x: ', 710, ', y: ', 445, ', age: ', 1, ', updates: ', 3)
('Seed: ', 89, ' predicted x: ', 941, ', y: ', 313, ', age: ', 2, ', updates: ', 1)
('Seed: ', 90, ' predicted x: ', 916, ', y: ', 302, ', age: ', 1, ', updates: ', 1)
('Seed: ', 91, ' predicted x: ', 973, ', y: ', 178, ', age: ', 1, ', updates: ', 1)
('Contour: ', 774, ', ', 702)
('Contour: ', 761, ', ', 583)
('Contour: ', 890, ', ', 456)
('Contour: ', 684, ', ', 445)
('Contour: ', 900, ', ', 315)
('Contour: ', 939, ', ', 167)
('Contour: ', 1038, ', ', 15)
('Contour: ', 910, ', ', 3)
('Seed: ', 82, ' predicted x: ', 774, ', y: ', 823, ', age: ', 1, ', updates: ', 4)
('Seed: ', 85, ' predicted x: ', 726, ', y: ', 767, ', age: ', 2, ', updates: ', 3)
('Seed: ', 86, ' predicted x: ', 761, ', y: ', 704, ', age: ', 1, ', updates: ', 4)
('Seed: ', 87, ' predicted x: ', 890, ', y: ', 577, ', age: ', 1, ', updates: ', 3)
('Seed: ', 88, ' predicted x: ', 684, ', y: ', 566, ', age: ', 1, ', updates: ', 4)
('Seed: ', 89, ' predicted x: ', 941, ', y: ', 343, ', age: ', 3, ', updates: ', 1)
('Seed: ', 90, ' predicted x: ', 900, ', y: ', 436, ', age: ', 1, ', updates: ', 2)
('Seed: ', 91, ' predicted x: ', 939, ', y: ', 288, ', age: ', 1, ', updates: ', 2)
('Seed: ', 92, ' predicted x: ', 1038, ', y: ', 136, ', age: ', 1, ', updates: ', 0)
('Seed: ', 93, ' predicted x: ', 910, ', y: ', 124, ', age: ', 1, ', updates: ', 0)
('Contour: ', 717, ', ', 711)
('Contour: ', 878, ', ', 612)
('Contour: ', 664, ', ', 568)
('Contour: ', 894, ', ', 454)
('Contour: ', 899, ', ', 281)
('Contour: ', 1012, ', ', 85)
('Contour: ', 873, ', ', 53)
('Contour: ', 1206, ', ', 9)
('Contour: ', 971, ', ', 16)
('Seed: ', 85, ' predicted x: ', 726, ', y: ', 797, ', age: ', 3, ', updates: ', 3)
('Seed: ', 86, ' predicted x: ', 717, ', y: ', 832, ', age: ', 1, ', updates: ', 5)
('Seed: ', 87, ' predicted x: ', 878, ', y: ', 733, ', age: ', 1, ', updates: ', 4)
('Seed: ', 88, ' predicted x: ', 664, ', y: ', 689, ', age: ', 1, ', updates: ', 5)
('Seed: ', 89, ' predicted x: ', 941, ', y: ', 373, ', age: ', 4, ', updates: ', 1)
('Seed: ', 90, ' predicted x: ', 894, ', y: ', 575, ', age: ', 1, ', updates: ', 3)
('Seed: ', 91, ' predicted x: ', 899, ', y: ', 402, ', age: ', 1, ', updates: ', 3)
('Seed: ', 92, ' predicted x: ', 1012, ', y: ', 206, ', age: ', 1, ', updates: ', 1)
('Seed: ', 93, ' predicted x: ', 873, ', y: ', 174, ', age: ', 1, ', updates: ', 1)
('Seed: ', 94, ' predicted x: ', 1206, ', y: ', 130, ', age: ', 1, ', updates: ', 0)
('Seed: ', 95, ' predicted x: ', 971, ', y: ', 137, ', age: ', 1, ', updates: ', 0)
('Contour: ', 649, ', ', 697)
('Contour: ', 895, ', ', 601)
('Contour: ', 853, ', ', 391)
('Contour: ', 833, ', ', 163)
('Contour: ', 974, ', ', 140)
('Contour: ', 1200, ', ', 75)
('Contour: ', 1101, ', ', 65)
('Contour: ', 994, ', ', 15)
('Contour: ', 846, ', ', 8)
('Seed: ', 87, ' predicted x: ', 878, ', y: ', 763, ', age: ', 2, ', updates: ', 4)
('Seed: ', 88, ' predicted x: ', 649, ', y: ', 818, ', age: ', 1, ', updates: ', 6)
('Seed: ', 89, ' predicted x: ', 941, ', y: ', 403, ', age: ', 5, ', updates: ', 1)
('Seed: ', 90, ' predicted x: ', 895, ', y: ', 722, ', age: ', 1, ', updates: ', 4)
('Seed: ', 91, ' predicted x: ', 853, ', y: ', 512, ', age: ', 1, ', updates: ', 4)
('Seed: ', 92, ' predicted x: ', 1012, ', y: ', 236, ', age: ', 2, ', updates: ', 1)
('Seed: ', 93, ' predicted x: ', 833, ', y: ', 284, ', age: ', 1, ', updates: ', 2)
('Seed: ', 94, ' predicted x: ', 1200, ', y: ', 196, ', age: ', 1, ', updates: ', 1)
('Seed: ', 95, ' predicted x: ', 974, ', y: ', 261, ', age: ', 1, ', updates: ', 1)
('Seed: ', 96, ' predicted x: ', 1101, ', y: ', 186, ', age: ', 1, ', updates: ', 0)
('Seed: ', 97, ' predicted x: ', 994, ', y: ', 136, ', age: ', 1, ', updates: ', 0)
('Seed: ', 98, ' predicted x: ', 846, ', y: ', 129, ', age: ', 1, ', updates: ', 0)
('Contour: ', 802, ', ', 511)
('Contour: ', 799, ', ', 264)
('Contour: ', 1048, ', ', 208)
('Contour: ', 958, ', ', 259)
('Contour: ', 1193, ', ', 168)
('Contour: ', 840, ', ', 85)
('Contour: ', 967, ', ', 99)
('Contour: ', 1130, ', ', 8)
('Contour: ', 916, ', ', 23)
('Seed: ', 87, ' predicted x: ', 878, ', y: ', 793, ', age: ', 3, ', updates: ', 4)
('Seed: ', 89, ' predicted x: ', 941, ', y: ', 433, ', age: ', 6, ', updates: ', 1)
('Seed: ', 90, ' predicted x: ', 895, ', y: ', 752, ', age: ', 2, ', updates: ', 4)
('Seed: ', 91, ' predicted x: ', 802, ', y: ', 632, ', age: ', 1, ', updates: ', 5)
('Seed: ', 92, ' predicted x: ', 1048, ', y: ', 329, ', age: ', 1, ', updates: ', 2)
('Seed: ', 93, ' predicted x: ', 799, ', y: ', 385, ', age: ', 1, ', updates: ', 3)
('Seed: ', 94, ' predicted x: ', 1193, ', y: ', 289, ', age: ', 1, ', updates: ', 2)
('Seed: ', 95, ' predicted x: ', 958, ', y: ', 380, ', age: ', 1, ', updates: ', 2)
('Seed: ', 96, ' predicted x: ', 1101, ', y: ', 216, ', age: ', 2, ', updates: ', 0)
('Seed: ', 97, ' predicted x: ', 967, ', y: ', 220, ', age: ', 1, ', updates: ', 1)
('Seed: ', 98, ' predicted x: ', 840, ', y: ', 206, ', age: ', 1, ', updates: ', 1)
('Seed: ', 99, ' predicted x: ', 1130, ', y: ', 129, ', age: ', 1, ', updates: ', 0)
('Seed: ', 100, ' predicted x: ', 916, ', y: ', 144, ', age: ', 1, ', updates: ', 0)
('Contour: ', 749, ', ', 624)
('Contour: ', 769, ', ', 369)
('Contour: ', 980, ', ', 398)
('Contour: ', 912, ', ', 346)
('Contour: ', 1181, ', ', 264)
('Contour: ', 841, ', ', 202)
('Contour: ', 937, ', ', 214)
('Contour: ', 1108, ', ', 137)
('Contour: ', 902, ', ', 114)
('Contour: ', 1027, ', ', 11)
('Contour: ', 725, ', ', 10)
('Seed: ', 89, ' predicted x: ', 912, ', y: ', 466, ', age: ', 1, ', updates: ', 2)
('Seed: ', 90, ' predicted x: ', 895, ', y: ', 781, ', age: ', 3, ', updates: ', 4)
('Seed: ', 91, ' predicted x: ', 749, ', y: ', 744, ', age: ', 1, ', updates: ', 6)
('Seed: ', 92, ' predicted x: ', 1048, ', y: ', 358, ', age: ', 2, ', updates: ', 2)
('Seed: ', 93, ' predicted x: ', 769, ', y: ', 489, ', age: ', 1, ', updates: ', 4)
('Seed: ', 94, ' predicted x: ', 1181, ', y: ', 384, ', age: ', 1, ', updates: ', 3)
('Seed: ', 95, ' predicted x: ', 980, ', y: ', 518, ', age: ', 1, ', updates: ', 3)
('Seed: ', 96, ' predicted x: ', 1101, ', y: ', 245, ', age: ', 3, ', updates: ', 0)
('Seed: ', 97, ' predicted x: ', 937, ', y: ', 334, ', age: ', 1, ', updates: ', 2)
('Seed: ', 98, ' predicted x: ', 841, ', y: ', 322, ', age: ', 1, ', updates: ', 2)
('Seed: ', 99, ' predicted x: ', 1108, ', y: ', 257, ', age: ', 1, ', updates: ', 1)
('Seed: ', 100, ' predicted x: ', 902, ', y: ', 234, ', age: ', 1, ', updates: ', 1)
('Seed: ', 101, ' predicted x: ', 1027, ', y: ', 131, ', age: ', 1, ', updates: ', 0)
('Seed: ', 102, ' predicted x: ', 725, ', y: ', 130, ', age: ', 1, ', updates: ', 0)
('Contour: ', 701, ', ', 708)
('Contour: ', 931, ', ', 603)
('Contour: ', 990, ', ', 478)
('Contour: ', 870, ', ', 479)
('Contour: ', 735, ', ', 478)
('Contour: ', 1164, ', ', 365)
('Contour: ', 911, ', ', 344)
('Contour: ', 841, ', ', 317)
('Contour: ', 1087, ', ', 271)
('Contour: ', 895, ', ', 218)
('Contour: ', 687, ', ', 108)
('Contour: ', 984, ', ', 110)
('Contour: ', 1122, ', ', 34)
('Contour: ', 870, ', ', 28)
('Seed: ', 89, ' predicted x: ', 990, ', y: ', 599, ', age: ', 1, ', updates: ', 3)
('Seed: ', 91, ' predicted x: ', 701, ', y: ', 829, ', age: ', 1, ', updates: ', 7)
('Seed: ', 92, ' predicted x: ', 1048, ', y: ', 389, ', age: ', 3, ', updates: ', 2)
('Seed: ', 93, ' predicted x: ', 870, ', y: ', 600, ', age: ', 1, ', updates: ', 5)
('Seed: ', 94, ' predicted x: ', 1164, ', y: ', 486, ', age: ', 1, ', updates: ', 4)
('Seed: ', 95, ' predicted x: ', 931, ', y: ', 724, ', age: ', 1, ', updates: ', 4)
('Seed: ', 96, ' predicted x: ', 1101, ', y: ', 276, ', age: ', 4, ', updates: ', 0)
('Seed: ', 97, ' predicted x: ', 911, ', y: ', 465, ', age: ', 1, ', updates: ', 3)
('Seed: ', 98, ' predicted x: ', 735, ', y: ', 599, ', age: ', 1, ', updates: ', 3)
('Seed: ', 99, ' predicted x: ', 1087, ', y: ', 392, ', age: ', 1, ', updates: ', 2)
('Seed: ', 100, ' predicted x: ', 841, ', y: ', 438, ', age: ', 1, ', updates: ', 2)
('Seed: ', 101, ' predicted x: ', 895, ', y: ', 339, ', age: ', 1, ', updates: ', 1)
('Seed: ', 102, ' predicted x: ', 687, ', y: ', 229, ', age: ', 1, ', updates: ', 1)
('Seed: ', 103, ' predicted x: ', 984, ', y: ', 231, ', age: ', 1, ', updates: ', 0)
('Seed: ', 104, ' predicted x: ', 1122, ', y: ', 155, ', age: ', 1, ', updates: ', 0)
('Seed: ', 105, ' predicted x: ', 870, ', y: ', 149, ', age: ', 1, ', updates: ', 0)
('Contour: ', 826, ', ', 623)
('Contour: ', 972, ', ', 614)
('Contour: ', 697, ', ', 596)
('Contour: ', 909, ', ', 478)
('Contour: ', 1144, ', ', 463)
('Contour: ', 804, ', ', 444)
('Contour: ', 1061, ', ', 412)
('Contour: ', 653, ', ', 242)
('Contour: ', 918, ', ', 293)
('Contour: ', 1089, ', ', 194)
('Contour: ', 840, ', ', 151)
('Contour: ', 978, ', ', 17)
('Contour: ', 817, ', ', 26)
('Seed: ', 89, ' predicted x: ', 972, ', y: ', 735, ', age: ', 1, ', updates: ', 4)
('Seed: ', 92, ' predicted x: ', 1061, ', y: ', 533, ', age: ', 1, ', updates: ', 3)
('Seed: ', 93, ' predicted x: ', 826, ', y: ', 744, ', age: ', 1, ', updates: ', 6)
('Seed: ', 94, ' predicted x: ', 1144, ', y: ', 584, ', age: ', 1, ', updates: ', 5)
('Seed: ', 95, ' predicted x: ', 931, ', y: ', 754, ', age: ', 2, ', updates: ', 4)
('Seed: ', 96, ' predicted x: ', 1101, ', y: ', 306, ', age: ', 5, ', updates: ', 0)
('Seed: ', 97, ' predicted x: ', 909, ', y: ', 599, ', age: ', 1, ', updates: ', 4)
('Seed: ', 98, ' predicted x: ', 697, ', y: ', 717, ', age: ', 1, ', updates: ', 4)
('Seed: ', 99, ' predicted x: ', 1087, ', y: ', 422, ', age: ', 2, ', updates: ', 2)
('Seed: ', 100, ' predicted x: ', 804, ', y: ', 565, ', age: ', 1, ', updates: ', 3)
('Seed: ', 101, ' predicted x: ', 918, ', y: ', 414, ', age: ', 1, ', updates: ', 2)
('Seed: ', 102, ' predicted x: ', 653, ', y: ', 363, ', age: ', 1, ', updates: ', 2)
('Seed: ', 103, ' predicted x: ', 984, ', y: ', 261, ', age: ', 2, ', updates: ', 0)
('Seed: ', 104, ' predicted x: ', 1089, ', y: ', 315, ', age: ', 1, ', updates: ', 1)
('Seed: ', 105, ' predicted x: ', 840, ', y: ', 272, ', age: ', 1, ', updates: ', 1)
('Seed: ', 106, ' predicted x: ', 978, ', y: ', 138, ', age: ', 1, ', updates: ', 0)
('Seed: ', 107, ' predicted x: ', 817, ', y: ', 147, ', age: ', 1, ', updates: ', 0)
('Contour: ', 652, ', ', 704)
('Contour: ', 912, ', ', 621)
('Contour: ', 757, ', ', 569)
('Contour: ', 1125, ', ', 567)
('Contour: ', 1031, ', ', 559)
('Contour: ', 883, ', ', 480)
('Contour: ', 618, ', ', 390)
('Contour: ', 1057, ', ', 362)
('Contour: ', 929, ', ', 357)
('Contour: ', 815, ', ', 281)
('Contour: ', 809, ', ', 128)
('Contour: ', 935, ', ', 125)
('Contour: ', 1025, ', ', 105)
('Contour: ', 981, ', ', 11)
('Seed: ', 89, ' predicted x: ', 972, ', y: ', 766, ', age: ', 2, ', updates: ', 4)
('Seed: ', 92, ' predicted x: ', 1031, ', y: ', 681, ', age: ', 1, ', updates: ', 4)
('Seed: ', 93, ' predicted x: ', 826, ', y: ', 775, ', age: ', 2, ', updates: ', 6)
('Seed: ', 94, ' predicted x: ', 1125, ', y: ', 689, ', age: ', 1, ', updates: ', 6)
('Seed: ', 95, ' predicted x: ', 931, ', y: ', 785, ', age: ', 3, ', updates: ', 4)
('Seed: ', 96, ' predicted x: ', 1101, ', y: ', 337, ', age: ', 6, ', updates: ', 0)
('Seed: ', 97, ' predicted x: ', 912, ', y: ', 743, ', age: ', 1, ', updates: ', 5)
('Seed: ', 98, ' predicted x: ', 652, ', y: ', 826, ', age: ', 1, ', updates: ', 5)
('Seed: ', 99, ' predicted x: ', 1087, ', y: ', 453, ', age: ', 3, ', updates: ', 2)
('Seed: ', 100, ' predicted x: ', 757, ', y: ', 691, ', age: ', 1, ', updates: ', 4)
('Seed: ', 101, ' predicted x: ', 883, ', y: ', 602, ', age: ', 1, ', updates: ', 3)
('Seed: ', 102, ' predicted x: ', 618, ', y: ', 512, ', age: ', 1, ', updates: ', 3)
('Seed: ', 103, ' predicted x: ', 929, ', y: ', 479, ', age: ', 1, ', updates: ', 1)
('Seed: ', 104, ' predicted x: ', 1057, ', y: ', 484, ', age: ', 1, ', updates: ', 2)
('Seed: ', 105, ' predicted x: ', 815, ', y: ', 403, ', age: ', 1, ', updates: ', 2)
('Seed: ', 106, ' predicted x: ', 935, ', y: ', 247, ', age: ', 1, ', updates: ', 1)
('Seed: ', 107, ' predicted x: ', 809, ', y: ', 250, ', age: ', 1, ', updates: ', 1)
('Seed: ', 108, ' predicted x: ', 1025, ', y: ', 227, ', age: ', 1, ', updates: ', 0)
('Seed: ', 109, ' predicted x: ', 981, ', y: ', 133, ', age: ', 1, ', updates: ', 0)
('Contour: ', 997, ', ', 699)
('Contour: ', 707, ', ', 687)
('Contour: ', 1107, ', ', 679)
('Contour: ', 869, ', ', 638)
('Contour: ', 588, ', ', 538)
('Contour: ', 1020, ', ', 544)
('Contour: ', 905, ', ', 479)
('Contour: ', 789, ', ', 429)
('Contour: ', 901, ', ', 254)
('Contour: ', 812, ', ', 240)
('Contour: ', 1011, ', ', 231)
('Contour: ', 929, ', ', 105)
('Contour: ', 1058, ', ', 27)
('Contour: ', 803, ', ', 22)
('Seed: ', 89, ' predicted x: ', 972, ', y: ', 796, ', age: ', 3, ', updates: ', 4)
('Seed: ', 92, ' predicted x: ', 997, ', y: ', 821, ', age: ', 1, ', updates: ', 5)
('Seed: ', 94, ' predicted x: ', 1107, ', y: ', 801, ', age: ', 1, ', updates: ', 7)
('Seed: ', 96, ' predicted x: ', 1101, ', y: ', 367, ', age: ', 7, ', updates: ', 0)
('Seed: ', 97, ' predicted x: ', 912, ', y: ', 773, ', age: ', 2, ', updates: ', 5)
('Seed: ', 99, ' predicted x: ', 1087, ', y: ', 483, ', age: ', 4, ', updates: ', 2)
('Seed: ', 100, ' predicted x: ', 707, ', y: ', 809, ', age: ', 1, ', updates: ', 5)
('Seed: ', 101, ' predicted x: ', 869, ', y: ', 760, ', age: ', 1, ', updates: ', 4)
('Seed: ', 102, ' predicted x: ', 588, ', y: ', 660, ', age: ', 1, ', updates: ', 4)
('Seed: ', 103, ' predicted x: ', 905, ', y: ', 601, ', age: ', 1, ', updates: ', 2)
('Seed: ', 104, ' predicted x: ', 1020, ', y: ', 666, ', age: ', 1, ', updates: ', 3)
('Seed: ', 105, ' predicted x: ', 789, ', y: ', 551, ', age: ', 1, ', updates: ', 3)
('Seed: ', 106, ' predicted x: ', 901, ', y: ', 376, ', age: ', 1, ', updates: ', 2)
('Seed: ', 107, ' predicted x: ', 812, ', y: ', 362, ', age: ', 1, ', updates: ', 2)
('Seed: ', 108, ' predicted x: ', 1011, ', y: ', 353, ', age: ', 1, ', updates: ', 1)
('Seed: ', 109, ' predicted x: ', 929, ', y: ', 227, ', age: ', 1, ', updates: ', 1)
('Seed: ', 110, ' predicted x: ', 1058, ', y: ', 149, ', age: ', 1, ', updates: ', 0)
('Seed: ', 111, ' predicted x: ', 803, ', y: ', 144, ', age: ', 1, ', updates: ', 0)
('Contour: ', 977, ', ', 698)
('Contour: ', 560, ', ', 694)
('Contour: ', 872, ', ', 607)
('Contour: ', 766, ', ', 574)
('Contour: ', 897, ', ', 384)
('Contour: ', 989, ', ', 373)
('Contour: ', 810, ', ', 374)
('Contour: ', 885, ', ', 230)
('Contour: ', 1015, ', ', 130)
('Contour: ', 777, ', ', 122)
('Contour: ', 938, ', ', 60)
('Contour: ', 1069, ', ', 17)
('Seed: ', 96, ' predicted x: ', 1101, ', y: ', 397, ', age: ', 8, ', updates: ', 0)
('Seed: ', 96, ' REMOVED')
('Seed: ', 99, ' predicted x: ', 1087, ', y: ', 513, ', age: ', 5, ', updates: ', 2)
('Seed: ', 101, ' predicted x: ', 869, ', y: ', 790, ', age: ', 2, ', updates: ', 4)
('Seed: ', 102, ' predicted x: ', 560, ', y: ', 816, ', age: ', 1, ', updates: ', 5)
('Seed: ', 103, ' predicted x: ', 872, ', y: ', 729, ', age: ', 1, ', updates: ', 3)
('Seed: ', 104, ' predicted x: ', 977, ', y: ', 820, ', age: ', 1, ', updates: ', 4)
('Seed: ', 105, ' predicted x: ', 766, ', y: ', 696, ', age: ', 1, ', updates: ', 4)
('Seed: ', 106, ' predicted x: ', 897, ', y: ', 506, ', age: ', 1, ', updates: ', 3)
('Seed: ', 107, ' predicted x: ', 810, ', y: ', 496, ', age: ', 1, ', updates: ', 3)
('Seed: ', 108, ' predicted x: ', 989, ', y: ', 495, ', age: ', 1, ', updates: ', 2)
('Seed: ', 109, ' predicted x: ', 885, ', y: ', 352, ', age: ', 1, ', updates: ', 2)
('Seed: ', 110, ' predicted x: ', 1015, ', y: ', 252, ', age: ', 1, ', updates: ', 1)
('Seed: ', 111, ' predicted x: ', 777, ', y: ', 244, ', age: ', 1, ', updates: ', 1)
('Seed: ', 112, ' predicted x: ', 938, ', y: ', 182, ', age: ', 1, ', updates: ', 0)
('Seed: ', 113, ' predicted x: ', 1069, ', y: ', 139, ', age: ', 1, ', updates: ', 0)
('Contour: ', 842, ', ', 713)
('Contour: ', 738, ', ', 706)
('Contour: ', 878, ', ', 520)
('Contour: ', 998, ', ', 517)
('Contour: ', 793, ', ', 516)
('Contour: ', 847, ', ', 358)
('Contour: ', 980, ', ', 254)
('Contour: ', 757, ', ', 222)
('Contour: ', 918, ', ', 162)
('Contour: ', 1027, ', ', 129)
('Contour: ', 1061, ', ', 21)
('Contour: ', 916, ', ', 5)
('Contour: ', 841, ', ', 6)
('Seed: ', 99, ' predicted x: ', 1087, ', y: ', 543, ', age: ', 6, ', updates: ', 2)
('Seed: ', 103, ' predicted x: ', 842, ', y: ', 835, ', age: ', 1, ', updates: ', 4)
('Seed: ', 105, ' predicted x: ', 738, ', y: ', 828, ', age: ', 1, ', updates: ', 5)
('Seed: ', 106, ' predicted x: ', 878, ', y: ', 642, ', age: ', 1, ', updates: ', 4)
('Seed: ', 107, ' predicted x: ', 793, ', y: ', 638, ', age: ', 1, ', updates: ', 4)
('Seed: ', 108, ' predicted x: ', 998, ', y: ', 639, ', age: ', 1, ', updates: ', 3)
('Seed: ', 109, ' predicted x: ', 847, ', y: ', 480, ', age: ', 1, ', updates: ', 3)
('Seed: ', 110, ' predicted x: ', 980, ', y: ', 376, ', age: ', 1, ', updates: ', 2)
('Seed: ', 111, ' predicted x: ', 757, ', y: ', 344, ', age: ', 1, ', updates: ', 2)
('Seed: ', 112, ' predicted x: ', 918, ', y: ', 284, ', age: ', 1, ', updates: ', 1)
('Seed: ', 113, ' predicted x: ', 1027, ', y: ', 251, ', age: ', 1, ', updates: ', 1)
('Seed: ', 114, ' predicted x: ', 1061, ', y: ', 143, ', age: ', 1, ', updates: ', 0)
('Seed: ', 115, ' predicted x: ', 916, ', y: ', 127, ', age: ', 1, ', updates: ', 0)
('Seed: ', 116, ' predicted x: ', 841, ', y: ', 128, ', age: ', 1, ', updates: ', 0)
('Contour: ', 1018, ', ', 678)
('Contour: ', 862, ', ', 662)
('Contour: ', 744, ', ', 651)
('Contour: ', 809, ', ', 491)
('Contour: ', 953, ', ', 386)
('Contour: ', 745, ', ', 328)
('Contour: ', 886, ', ', 277)
('Contour: ', 985, ', ', 266)
('Contour: ', 1034, ', ', 141)
('Contour: ', 885, ', ', 97)
('Contour: ', 786, ', ', 71)
('Contour: ', 1065, ', ', 22)
('Contour: ', 943, ', ', 11)
('Seed: ', 99, ' predicted x: ', 1087, ', y: ', 573, ', age: ', 7, ', updates: ', 2)
('Seed: ', 106, ' predicted x: ', 862, ', y: ', 784, ', age: ', 1, ', updates: ', 5)
('Seed: ', 107, ' predicted x: ', 744, ', y: ', 773, ', age: ', 1, ', updates: ', 5)
('Seed: ', 108, ' predicted x: ', 1018, ', y: ', 800, ', age: ', 1, ', updates: ', 4)
('Seed: ', 109, ' predicted x: ', 809, ', y: ', 613, ', age: ', 1, ', updates: ', 4)
('Seed: ', 110, ' predicted x: ', 953, ', y: ', 508, ', age: ', 1, ', updates: ', 3)
('Seed: ', 111, ' predicted x: ', 745, ', y: ', 450, ', age: ', 1, ', updates: ', 3)
('Seed: ', 112, ' predicted x: ', 886, ', y: ', 399, ', age: ', 1, ', updates: ', 2)
('Seed: ', 113, ' predicted x: ', 985, ', y: ', 388, ', age: ', 1, ', updates: ', 2)
('Seed: ', 114, ' predicted x: ', 1034, ', y: ', 263, ', age: ', 1, ', updates: ', 1)
('Seed: ', 115, ' predicted x: ', 885, ', y: ', 219, ', age: ', 1, ', updates: ', 1)
('Seed: ', 116, ' predicted x: ', 786, ', y: ', 193, ', age: ', 1, ', updates: ', 1)
('Seed: ', 117, ' predicted x: ', 1065, ', y: ', 144, ', age: ', 1, ', updates: ', 0)
('Seed: ', 118, ' predicted x: ', 943, ', y: ', 133, ', age: ', 1, ', updates: ', 0)
('Contour: ', 771, ', ', 632)
('Contour: ', 918, ', ', 514)
('Contour: ', 732, ', ', 455)
('Contour: ', 950, ', ', 413)
('Contour: ', 852, ', ', 408)
('Contour: ', 1009, ', ', 294)
('Contour: ', 843, ', ', 222)
('Contour: ', 737, ', ', 177)
('Contour: ', 1027, ', ', 130)
('Contour: ', 908, ', ', 122)
('Contour: ', 1076, ', ', 36)
('Contour: ', 938, ', ', 20)
('Seed: ', 99, ' predicted x: ', 1087, ', y: ', 603, ', age: ', 8, ', updates: ', 2)
('Seed: ', 99, ' REMOVED')
('Seed: ', 109, ' predicted x: ', 771, ', y: ', 754, ', age: ', 1, ', updates: ', 5)
('Seed: ', 110, ' predicted x: ', 918, ', y: ', 636, ', age: ', 1, ', updates: ', 4)
('Seed: ', 111, ' predicted x: ', 732, ', y: ', 577, ', age: ', 1, ', updates: ', 4)
('Seed: ', 112, ' predicted x: ', 852, ', y: ', 530, ', age: ', 1, ', updates: ', 3)
('Seed: ', 113, ' predicted x: ', 950, ', y: ', 535, ', age: ', 1, ', updates: ', 3)
('Seed: ', 114, ' predicted x: ', 1009, ', y: ', 416, ', age: ', 1, ', updates: ', 2)
('Seed: ', 115, ' predicted x: ', 843, ', y: ', 344, ', age: ', 1, ', updates: ', 2)
('Seed: ', 116, ' predicted x: ', 737, ', y: ', 299, ', age: ', 1, ', updates: ', 2)
('Seed: ', 117, ' predicted x: ', 1027, ', y: ', 252, ', age: ', 1, ', updates: ', 1)
('Seed: ', 118, ' predicted x: ', 908, ', y: ', 244, ', age: ', 1, ', updates: ', 1)
('Seed: ', 119, ' predicted x: ', 1076, ', y: ', 158, ', age: ', 1, ', updates: ', 0)
('Seed: ', 120, ' predicted x: ', 938, ', y: ', 142, ', age: ', 1, ', updates: ', 0)
('Contour: ', 885, ', ', 655)
('Contour: ', 945, ', ', 557)
('Contour: ', 762, ', ', 556)
('Contour: ', 987, ', ', 440)
('Contour: ', 800, ', ', 346)
('Contour: ', 689, ', ', 293)
('Contour: ', 978, ', ', 280)
('Contour: ', 876, ', ', 253)
('Contour: ', 1019, ', ', 174)
('Contour: ', 1180, ', ', 82)
('Contour: ', 944, ', ', 100)
('Contour: ', 848, ', ', 53)
('Contour: ', 924, ', ', 14)
('Seed: ', 109, ' predicted x: ', 771, ', y: ', 784, ', age: ', 2, ', updates: ', 5)
('Seed: ', 110, ' predicted x: ', 885, ', y: ', 777, ', age: ', 1, ', updates: ', 5)
('Seed: ', 111, ' predicted x: ', 762, ', y: ', 678, ', age: ', 1, ', updates: ', 5)
('Seed: ', 112, ' predicted x: ', 852, ', y: ', 560, ', age: ', 2, ', updates: ', 3)
('Seed: ', 113, ' predicted x: ', 945, ', y: ', 679, ', age: ', 1, ', updates: ', 4)
('Seed: ', 114, ' predicted x: ', 987, ', y: ', 562, ', age: ', 1, ', updates: ', 3)
('Seed: ', 115, ' predicted x: ', 800, ', y: ', 468, ', age: ', 1, ', updates: ', 3)
('Seed: ', 116, ' predicted x: ', 689, ', y: ', 415, ', age: ', 1, ', updates: ', 3)
('Seed: ', 117, ' predicted x: ', 978, ', y: ', 402, ', age: ', 1, ', updates: ', 2)
('Seed: ', 118, ' predicted x: ', 876, ', y: ', 375, ', age: ', 1, ', updates: ', 2)
('Seed: ', 119, ' predicted x: ', 1019, ', y: ', 296, ', age: ', 1, ', updates: ', 1)
('Seed: ', 120, ' predicted x: ', 1180, ', y: ', 204, ', age: ', 1, ', updates: ', 1)
('Seed: ', 121, ' predicted x: ', 944, ', y: ', 222, ', age: ', 1, ', updates: ', 0)
('Seed: ', 122, ' predicted x: ', 848, ', y: ', 175, ', age: ', 1, ', updates: ', 0)
('Seed: ', 123, ' predicted x: ', 924, ', y: ', 136, ', age: ', 1, ', updates: ', 0)
('Contour: ', 932, ', ', 698)
('Contour: ', 697, ', ', 698)
('Contour: ', 790, ', ', 645)
('Contour: ', 963, ', ', 607)
('Contour: ', 753, ', ', 482)
('Contour: ', 933, ', ', 439)
('Contour: ', 643, ', ', 421)
('Contour: ', 962, ', ', 288)
('Contour: ', 857, ', ', 346)
('Contour: ', 1146, ', ', 251)
('Contour: ', 933, ', ', 185)
('Contour: ', 795, ', ', 170)
('Contour: ', 1211, ', ', 108)
('Contour: ', 886, ', ', 100)
('Contour: ', 1096, ', ', 30)
('Contour: ', 653, ', ', 7)
('Seed: ', 111, ' predicted x: ', 697, ', y: ', 821, ', age: ', 1, ', updates: ', 6)
('Seed: ', 112, ' predicted x: ', 790, ', y: ', 768, ', age: ', 1, ', updates: ', 4)
('Seed: ', 113, ' predicted x: ', 932, ', y: ', 821, ', age: ', 1, ', updates: ', 5)
('Seed: ', 114, ' predicted x: ', 963, ', y: ', 730, ', age: ', 1, ', updates: ', 4)
('Seed: ', 115, ' predicted x: ', 753, ', y: ', 605, ', age: ', 1, ', updates: ', 4)
('Seed: ', 116, ' predicted x: ', 643, ', y: ', 544, ', age: ', 1, ', updates: ', 4)
('Seed: ', 117, ' predicted x: ', 933, ', y: ', 562, ', age: ', 1, ', updates: ', 3)
('Seed: ', 118, ' predicted x: ', 857, ', y: ', 469, ', age: ', 1, ', updates: ', 3)
('Seed: ', 119, ' predicted x: ', 962, ', y: ', 411, ', age: ', 1, ', updates: ', 2)
('Seed: ', 120, ' predicted x: ', 1146, ', y: ', 374, ', age: ', 1, ', updates: ', 2)
('Seed: ', 121, ' predicted x: ', 933, ', y: ', 308, ', age: ', 1, ', updates: ', 1)
('Seed: ', 122, ' predicted x: ', 795, ', y: ', 293, ', age: ', 1, ', updates: ', 1)
('Seed: ', 123, ' predicted x: ', 1211, ', y: ', 231, ', age: ', 1, ', updates: ', 1)
('Seed: ', 124, ' predicted x: ', 886, ', y: ', 223, ', age: ', 1, ', updates: ', 0)
('Seed: ', 125, ' predicted x: ', 1096, ', y: ', 153, ', age: ', 1, ', updates: ', 0)
('Seed: ', 126, ' predicted x: ', 653, ', y: ', 130, ', age: ', 1, ', updates: ', 0)
('Contour: ', 703, ', ', 602)
('Contour: ', 901, ', ', 600)
('Contour: ', 818, ', ', 539)
('Contour: ', 607, ', ', 536)
('Contour: ', 1108, ', ', 439)
('Contour: ', 923, ', ', 418)
('Contour: ', 823, ', ', 412)
('Contour: ', 893, ', ', 319)
('Contour: ', 1220, ', ', 253)
('Contour: ', 801, ', ', 256)
('Contour: ', 1087, ', ', 185)
('Contour: ', 593, ', ', 84)
('Contour: ', 946, ', ', 76)
('Seed: ', 112, ' predicted x: ', 790, ', y: ', 798, ', age: ', 2, ', updates: ', 4)
('Seed: ', 114, ' predicted x: ', 963, ', y: ', 760, ', age: ', 2, ', updates: ', 4)
('Seed: ', 115, ' predicted x: ', 703, ', y: ', 725, ', age: ', 1, ', updates: ', 5)
('Seed: ', 116, ' predicted x: ', 607, ', y: ', 659, ', age: ', 1, ', updates: ', 5)
('Seed: ', 117, ' predicted x: ', 901, ', y: ', 723, ', age: ', 1, ', updates: ', 4)
('Seed: ', 118, ' predicted x: ', 818, ', y: ', 662, ', age: ', 1, ', updates: ', 4)
('Seed: ', 119, ' predicted x: ', 923, ', y: ', 541, ', age: ', 1, ', updates: ', 3)
('Seed: ', 120, ' predicted x: ', 1108, ', y: ', 562, ', age: ', 1, ', updates: ', 3)
('Seed: ', 121, ' predicted x: ', 893, ', y: ', 442, ', age: ', 1, ', updates: ', 2)
('Seed: ', 122, ' predicted x: ', 823, ', y: ', 535, ', age: ', 1, ', updates: ', 2)
('Seed: ', 123, ' predicted x: ', 1220, ', y: ', 376, ', age: ', 1, ', updates: ', 2)
('Seed: ', 124, ' predicted x: ', 801, ', y: ', 379, ', age: ', 1, ', updates: ', 1)
('Seed: ', 125, ' predicted x: ', 1087, ', y: ', 308, ', age: ', 1, ', updates: ', 1)
('Seed: ', 126, ' predicted x: ', 593, ', y: ', 207, ', age: ', 1, ', updates: ', 1)
('Seed: ', 127, ' predicted x: ', 946, ', y: ', 199, ', age: ', 1, ', updates: ', 0)
('Contour: ', 656, ', ', 708)
('Contour: ', 792, ', ', 698)
('Contour: ', 575, ', ', 667)
('Contour: ', 1071, ', ', 633)
('Contour: ', 896, ', ', 556)
('Contour: ', 771, ', ', 525)
('Contour: ', 846, ', ', 456)
('Contour: ', 722, ', ', 428)
('Contour: ', 1226, ', ', 413)
('Contour: ', 1078, ', ', 366)
('Contour: ', 800, ', ', 333)
('Contour: ', 920, ', ', 215)
('Contour: ', 525, ', ', 191)
('Contour: ', 951, ', ', 20)
('Seed: ', 114, ' predicted x: ', 963, ', y: ', 791, ', age: ', 3, ', updates: ', 4)
('Seed: ', 115, ' predicted x: ', 656, ', y: ', 832, ', age: ', 1, ', updates: ', 6)
('Seed: ', 116, ' predicted x: ', 575, ', y: ', 791, ', age: ', 1, ', updates: ', 6)
('Seed: ', 117, ' predicted x: ', 901, ', y: ', 754, ', age: ', 2, ', updates: ', 4)
('Seed: ', 118, ' predicted x: ', 792, ', y: ', 822, ', age: ', 1, ', updates: ', 5)
('Seed: ', 119, ' predicted x: ', 896, ', y: ', 680, ', age: ', 1, ', updates: ', 4)
('Seed: ', 120, ' predicted x: ', 1071, ', y: ', 757, ', age: ', 1, ', updates: ', 4)
('Seed: ', 121, ' predicted x: ', 846, ', y: ', 580, ', age: ', 1, ', updates: ', 3)
('Seed: ', 122, ' predicted x: ', 771, ', y: ', 649, ', age: ', 1, ', updates: ', 3)
('Seed: ', 123, ' predicted x: ', 1226, ', y: ', 537, ', age: ', 1, ', updates: ', 3)
('Seed: ', 124, ' predicted x: ', 722, ', y: ', 552, ', age: ', 1, ', updates: ', 2)
('Seed: ', 125, ' predicted x: ', 1078, ', y: ', 490, ', age: ', 1, ', updates: ', 2)
('Seed: ', 126, ' predicted x: ', 920, ', y: ', 339, ', age: ', 1, ', updates: ', 2)
('Seed: ', 127, ' predicted x: ', 800, ', y: ', 457, ', age: ', 1, ', updates: ', 1)
('Seed: ', 128, ' predicted x: ', 525, ', y: ', 315, ', age: ', 1, ', updates: ', 0)
('Seed: ', 129, ' predicted x: ', 951, ', y: ', 144, ', age: ', 1, ', updates: ', 0)
('Contour: ', 859, ', ', 688)
('Contour: ', 766, ', ', 631)
('Contour: ', 1229, ', ', 561)
('Contour: ', 1064, ', ', 553)
('Contour: ', 676, ', ', 538)
('Contour: ', 767, ', ', 452)
('Contour: ', 901, ', ', 353)
('Contour: ', 462, ', ', 312)
('Contour: ', 943, ', ', 116)
('Seed: ', 117, ' predicted x: ', 901, ', y: ', 784, ', age: ', 3, ', updates: ', 4)
('Seed: ', 119, ' predicted x: ', 859, ', y: ', 812, ', age: ', 1, ', updates: ', 5)
('Seed: ', 120, ' predicted x: ', 1071, ', y: ', 787, ', age: ', 2, ', updates: ', 4)
('Seed: ', 121, ' predicted x: ', 846, ', y: ', 610, ', age: ', 2, ', updates: ', 3)
('Seed: ', 122, ' predicted x: ', 766, ', y: ', 755, ', age: ', 1, ', updates: ', 4)
('Seed: ', 123, ' predicted x: ', 1229, ', y: ', 685, ', age: ', 1, ', updates: ', 4)
('Seed: ', 124, ' predicted x: ', 676, ', y: ', 662, ', age: ', 1, ', updates: ', 3)
('Seed: ', 125, ' predicted x: ', 1064, ', y: ', 677, ', age: ', 1, ', updates: ', 3)
('Seed: ', 126, ' predicted x: ', 901, ', y: ', 477,OpenCV Error: Assertion failed (scn == 3 || scn == 4) in cvtColor, file /home/sid/OpenCV/opencv-3.3.0/modules/imgproc/src/color.cpp, line 10638
 ', age: ', 1, ', updates: ', 3)
('Seed: ', 127, ' predicted x: ', 767, ', y: ', 576, ', age: ', 1, ', updates: ', 2)
('Seed: ', 128, ' predicted x: ', 462, ', y: ', 436, ', age: ', 1, ', updates: ', 1)
('Seed: ', 129, ' predicted x: ', 943, ', y: ', 240, ', age: ', 1, ', updates: ', 1)
('Contour: ', 1045, ', ', 712)
('Contour: ', 1222, ', ', 708)
('Contour: ', 753, ', ', 704)
('Contour: ', 648, ', ', 655)
('Contour: ', 734, ', ', 571)
('Contour: ', 880, ', ', 500)
('Contour: ', 396, ', ', 434)
('Contour: ', 947, ', ', 245)
('Contour: ', 917, ', ', 88)
('Seed: ', 121, ' predicted x: ', 846, ', y: ', 640, ', age: ', 3, ', updates: ', 3)
('Seed: ', 122, ' predicted x: ', 753, ', y: ', 828, ', age: ', 1, ', updates: ', 5)
('Seed: ', 123, ' predicted x: ', 1222, ', y: ', 832, ', age: ', 1, ', updates: ', 5)
('Seed: ', 124, ' predicted x: ', 648, ', y: ', 779, ', age: ', 1, ', updates: ', 4)
('Seed: ', 125, ' predicted x: ', 1045, ', y: ', 836, ', age: ', 1, ', updates: ', 4)
('Seed: ', 126, ' predicted x: ', 880, ', y: ', 624, ', age: ', 1, ', updates: ', 4)
('Seed: ', 127, ' predicted x: ', 734, ', y: ', 695, ', age: ', 1, ', updates: ', 3)
('Seed: ', 128, ' predicted x: ', 396, ', y: ', 558, ', age: ', 1, ', updates: ', 2)
('Seed: ', 129, ' predicted x: ', 947, ', y: ', 369, ', age: ', 1, ', updates: ', 2)
('Seed: ', 130, ' predicted x: ', 917, ', y: ', 212, ', age: ', 1, ', updates: ', 0)
('Contour: ', 696, ', ', 688)
('Contour: ', 858, ', ', 665)
('Contour: ', 329, ', ', 570)
('Contour: ', 963, ', ', 374)
('Contour: ', 901, ', ', 176)
('Seed: ', 121, ' predicted x: ', 858, ', y: ', 789, ', age: ', 1, ', updates: ', 4)
('Seed: ', 126, ' predicted x: ', 880, ', y: ', 654, ', age: ', 2, ', updates: ', 4)
('Seed: ', 127, ' predicted x: ', 696, ', y: ', 812, ', age: ', 1, ', updates: ', 4)
('Seed: ', 128, ' predicted x: ', 329, ', y: ', 694, ', age: ', 1, ', updates: ', 3)
('Seed: ', 129, ' predicted x: ', 963, ', y: ', 498, ', age: ', 1, ', updates: ', 3)
('Seed: ', 130, ' predicted x: ', 901, ', y: ', 300, ', age: ', 1, ', updates: ', 1)
('Contour: ', 269, ', ', 688)
('Contour: ', 979, ', ', 513)
('Contour: ', 886, ', ', 286)
('Seed: ', 126, ' predicted x: ', 880, ', y: ', 684, ', age: ', 3, ', updates: ', 4)
('Seed: ', 128, ' predicted x: ', 269, ', y: ', 812, ', age: ', 1, ', updates: ', 4)
('Seed: ', 129, ' predicted x: ', 979, ', y: ', 637, ', age: ', 1, ', updates: ', 4)
('Seed: ', 130, ' predicted x: ', 886, ', y: ', 410, ', age: ', 1, ', updates: ', 2)
('Contour: ', 988, ', ', 664)
('Contour: ', 869, ', ', 409)
('Seed: ', 126, ' predicted x: ', 880, ', y: ', 714, ', age: ', 4, ', updates: ', 4)
('Seed: ', 129, ' predicted x: ', 988, ', y: ', 788, ', age: ', 1, ', updates: ', 5)
('Seed: ', 130, ' predicted x: ', 869, ', y: ', 533, ', age: ', 1, ', updates: ', 3)
('Contour: ', 875, ', ', 518)
('Seed: ', 126, ' predicted x: ', 880, ', y: ', 744, ', age: ', 5, ', updates: ', 4)
('Seed: ', 130, ' predicted x: ', 875, ', y: ', 642, ', age: ', 1, ', updates: ', 4)
('Contour: ', 885, ', ', 645)
('Seed: ', 126, ' predicted x: ', 880, ', y: ', 774, ', age: ', 6, ', updates: ', 4)
('Seed: ', 130, ' predicted x: ', 885, ', y: ', 769, ', age: ', 1, ', updates: ', 5)
('Seed: ', 130, ' predicted x: ', 885, ', y: ', 799, ', age: ', 2, ', updates: ', 5)
('Contour: ', 1210, ', ', 154)
('Seed: ', 131, ' predicted x: ', 1210, ', y: ', 278, ', age: ', 1, ', updates: ', 0)
('Contour: ', 1118, ', ', 348)
('Seed: ', 131, ' predicted x: ', 1118, ', y: ', 472, ', age: ', 1, ', updates: ', 1)
('Contour: ', 1023, ', ', 519)
('Seed: ', 131, ' predicted x: ', 1023, ', y: ', 643, ', age: ', 1, ', updates: ', 2)
('Contour: ', 928, ', ', 702)
('Seed: ', 131, ' predicted x: ', 928, ', y: ', 826, ', age: ', 1, ', updates: ', 3)
('Number of seeds: ', 128)
('Average Area: ', 4959)
