
##########################################################
############## Wed Aug 16 23:01:57 CDT 2017 ##############
##########################################################
logs/areaH/sesame-seeds-200-10000-normal.log:('Number of seeds: ', 4001)
logs/areaH/sesame-seeds-200-12000-normal.log:('Number of seeds: ', 4001)
logs/areaH/sesame-seeds-200-15000-normal.log:('Number of seeds: ', 4001)
logs/areaH/sesame-seeds-200-18000-normal.log:('Number of seeds: ', 4001)
logs/areaH/sesame-seeds-200-27000-normal.log:('Number of seeds: ', 4001)
logs/areaH/sesame-seeds-200-8000-normal.log:('Number of seeds: ', 4001)
logs/areaH/sesame-seeds-200-10000-normal.log:('Average Area: ', 490)
logs/areaH/sesame-seeds-200-12000-normal.log:('Average Area: ', 490)
logs/areaH/sesame-seeds-200-15000-normal.log:('Average Area: ', 490)
logs/areaH/sesame-seeds-200-18000-normal.log:('Average Area: ', 490)
logs/areaH/sesame-seeds-200-27000-normal.log:('Average Area: ', 490)
logs/areaH/sesame-seeds-200-8000-normal.log:('Average Area: ', 490)
##########################################################

########################################################################
##################### Wed Aug 16 23:09:42 CDT 2017 #####################
########################################################################
logs/areaH/sesame-seeds-200-10000-normal.log:('Number of seeds: ', 4001)
logs/areaH/sesame-seeds-200-12000-normal.log:('Number of seeds: ', 4001)
logs/areaH/sesame-seeds-200-15000-normal.log:('Number of seeds: ', 4001)
logs/areaH/sesame-seeds-200-18000-normal.log:('Number of seeds: ', 4001)
logs/areaH/sesame-seeds-200-27000-normal.log:('Number of seeds: ', 4001)
logs/areaH/sesame-seeds-200-8000-normal.log:('Number of seeds: ', 4001)
logs/areaH/sesame-seeds-200-10000-normal.log:('Average Area: ', 490)
logs/areaH/sesame-seeds-200-12000-normal.log:('Average Area: ', 490)
logs/areaH/sesame-seeds-200-15000-normal.log:('Average Area: ', 490)
logs/areaH/sesame-seeds-200-18000-normal.log:('Average Area: ', 490)
logs/areaH/sesame-seeds-200-27000-normal.log:('Average Area: ', 490)
logs/areaH/sesame-seeds-200-8000-normal.log:('Average Area: ', 490)
########################################################################

########################################################################
##################### Wed Aug 16 23:10:38 CDT 2017 #####################
########################################################################
logs/areaH/wheat-200-10000-normal.log:('Number of seeds: ', 434)
logs/areaH/wheat-200-12000-normal.log:('Number of seeds: ', 434)
logs/areaH/wheat-200-15000-normal.log:('Number of seeds: ', 434)
logs/areaH/wheat-200-18000-normal.log:('Number of seeds: ', 434)
logs/areaH/wheat-200-27000-normal.log:('Number of seeds: ', 434)
logs/areaH/wheat-200-8000-normal.log:('Number of seeds: ', 434)
logs/areaH/wheat-200-10000-normal.log:('Average Area: ', 2340)
logs/areaH/wheat-200-12000-normal.log:('Average Area: ', 2343)
logs/areaH/wheat-200-15000-normal.log:('Average Area: ', 2343)
logs/areaH/wheat-200-18000-normal.log:('Average Area: ', 2343)
logs/areaH/wheat-200-27000-normal.log:('Average Area: ', 2343)
logs/areaH/wheat-200-8000-normal.log:('Average Area: ', 2334)
########################################################################

########################################################################
##################### Wed Aug 16 23:11:17 CDT 2017 #####################
########################################################################
logs/areaH/popcorn-200-10000-normal.log:('Number of seeds: ', 225)
logs/areaH/popcorn-200-12000-normal.log:('Number of seeds: ', 226)
logs/areaH/popcorn-200-15000-normal.log:('Number of seeds: ', 226)
logs/areaH/popcorn-200-18000-normal.log:('Number of seeds: ', 226)
logs/areaH/popcorn-200-27000-normal.log:('Number of seeds: ', 226)
logs/areaH/popcorn-200-8000-normal.log:('Number of seeds: ', 225)
logs/areaH/popcorn-200-10000-normal.log:('Average Area: ', 4075)
logs/areaH/popcorn-200-12000-normal.log:('Average Area: ', 4129)
logs/areaH/popcorn-200-15000-normal.log:('Average Area: ', 4155)
logs/areaH/popcorn-200-18000-normal.log:('Average Area: ', 4167)
logs/areaH/popcorn-200-27000-normal.log:('Average Area: ', 4167)
logs/areaH/popcorn-200-8000-normal.log:('Average Area: ', 4026)
########################################################################

########################################################################
##################### Wed Aug 16 23:12:01 CDT 2017 #####################
########################################################################
logs/areaH/white-soya-beans-200-10000-normal.log:('Number of seeds: ', 128)
logs/areaH/white-soya-beans-200-12000-normal.log:('Number of seeds: ', 128)
logs/areaH/white-soya-beans-200-15000-normal.log:('Number of seeds: ', 128)
logs/areaH/white-soya-beans-200-18000-normal.log:('Number of seeds: ', 129)
logs/areaH/white-soya-beans-200-27000-normal.log:('Number of seeds: ', 129)
logs/areaH/white-soya-beans-200-8000-normal.log:('Number of seeds: ', 127)
logs/areaH/white-soya-beans-200-10000-normal.log:('Average Area: ', 4758)
logs/areaH/white-soya-beans-200-12000-normal.log:('Average Area: ', 4852)
logs/areaH/white-soya-beans-200-15000-normal.log:('Average Area: ', 4959)
logs/areaH/white-soya-beans-200-18000-normal.log:('Average Area: ', 4976)
logs/areaH/white-soya-beans-200-27000-normal.log:('Average Area: ', 4976)
logs/areaH/white-soya-beans-200-8000-normal.log:('Average Area: ', 4685)
########################################################################

########################################################################
##################### Wed Aug 16 23:12:41 CDT 2017 #####################
########################################################################
logs/areaH/red-seeds-200-10000-normal.log:('Number of seeds: ', 298)
logs/areaH/red-seeds-200-12000-normal.log:('Number of seeds: ', 298)
logs/areaH/red-seeds-200-15000-normal.log:('Number of seeds: ', 298)
logs/areaH/red-seeds-200-18000-normal.log:('Number of seeds: ', 298)
logs/areaH/red-seeds-200-27000-normal.log:('Number of seeds: ', 298)
logs/areaH/red-seeds-200-8000-normal.log:('Number of seeds: ', 298)
logs/areaH/red-seeds-200-10000-normal.log:('Average Area: ', 1450)
logs/areaH/red-seeds-200-12000-normal.log:('Average Area: ', 1450)
logs/areaH/red-seeds-200-15000-normal.log:('Average Area: ', 1450)
logs/areaH/red-seeds-200-18000-normal.log:('Average Area: ', 1450)
logs/areaH/red-seeds-200-27000-normal.log:('Average Area: ', 1450)
logs/areaH/red-seeds-200-8000-normal.log:('Average Area: ', 1450)
########################################################################

########################################################################
##################### Wed Aug 16 23:14:45 CDT 2017 #####################
########################################################################
logs/areaH/brown-seeds-200-10000-normal.log:('Number of seeds: ', 3316)
logs/areaH/brown-seeds-200-12000-normal.log:('Number of seeds: ', 3322)
logs/areaH/brown-seeds-200-15000-normal.log:('Number of seeds: ', 3334)
logs/areaH/brown-seeds-200-18000-normal.log:('Number of seeds: ', 3301)
logs/areaH/brown-seeds-200-27000-normal.log:('Number of seeds: ', 3325)
logs/areaH/brown-seeds-200-8000-normal.log:('Number of seeds: ', 3312)
logs/areaH/brown-seeds-200-10000-normal.log:('Average Area: ', 1462)
logs/areaH/brown-seeds-200-12000-normal.log:('Average Area: ', 1490)
logs/areaH/brown-seeds-200-15000-normal.log:('Average Area: ', 1529)
logs/areaH/brown-seeds-200-18000-normal.log:('Average Area: ', 1556)
logs/areaH/brown-seeds-200-27000-normal.log:('Average Area: ', 1613)
logs/areaH/brown-seeds-200-8000-normal.log:('Average Area: ', 1415)
########################################################################

########################################################################
##################### Wed Aug 16 23:15:45 CDT 2017 #####################
########################################################################
logs/areaH/corn-200-10000-normal.log:('Number of seeds: ', 102)
logs/areaH/corn-200-12000-normal.log:('Number of seeds: ', 180)
logs/areaH/corn-200-15000-normal.log:('Number of seeds: ', 308)
logs/areaH/corn-200-18000-normal.log:('Number of seeds: ', 334)
logs/areaH/corn-200-27000-normal.log:('Number of seeds: ', 345)
logs/areaH/corn-200-8000-normal.log:('Number of seeds: ', 51)
logs/areaH/corn-200-10000-normal.log:('Average Area: ', 3307)
logs/areaH/corn-200-12000-normal.log:('Average Area: ', 6683)
logs/areaH/corn-200-15000-normal.log:('Average Area: ', 6632)
logs/areaH/corn-200-18000-normal.log:('Average Area: ', 6821)
logs/areaH/corn-200-27000-normal.log:('Average Area: ', 6896)
logs/areaH/corn-200-8000-normal.log:('Average Area: ', 3307)
########################################################################

########################################################################
##################### Wed Aug 16 23:23:00 CDT 2017 #####################
########################################################################
logs/areaL/sesame-seeds-1000-8000-normal.log:('Number of seeds: ', 151)
logs/areaL/sesame-seeds-1200-8000-normal.log:('Number of seeds: ', 56)
logs/areaL/sesame-seeds-200-8000-normal.log:('Number of seeds: ', 4001)
logs/areaL/sesame-seeds-400-8000-normal.log:('Number of seeds: ', 2549)
logs/areaL/sesame-seeds-600-8000-normal.log:('Number of seeds: ', 535)
logs/areaL/sesame-seeds-800-8000-normal.log:('Number of seeds: ', 295)
logs/areaL/sesame-seeds-1000-8000-normal.log:('Average Area: ', 1315)
logs/areaL/sesame-seeds-1200-8000-normal.log:('Average Area: ', 1610)
logs/areaL/sesame-seeds-200-8000-normal.log:('Average Area: ', 490)
logs/areaL/sesame-seeds-400-8000-normal.log:('Average Area: ', 565)
logs/areaL/sesame-seeds-600-8000-normal.log:('Average Area: ', 896)
logs/areaL/sesame-seeds-800-8000-normal.log:('Average Area: ', 1124)
########################################################################

########################################################################
##################### Wed Aug 16 23:23:51 CDT 2017 #####################
########################################################################
logs/areaL/wheat-1000-8000-normal.log:('Number of seeds: ', 431)
logs/areaL/wheat-1200-8000-normal.log:('Number of seeds: ', 426)
logs/areaL/wheat-200-8000-normal.log:('Number of seeds: ', 434)
logs/areaL/wheat-400-8000-normal.log:('Number of seeds: ', 434)
logs/areaL/wheat-600-8000-normal.log:('Number of seeds: ', 433)
logs/areaL/wheat-800-8000-normal.log:('Number of seeds: ', 431)
logs/areaL/wheat-1000-8000-normal.log:('Average Area: ', 2408)
logs/areaL/wheat-1200-8000-normal.log:('Average Area: ', 2438)
logs/areaL/wheat-200-8000-normal.log:('Average Area: ', 2334)
logs/areaL/wheat-400-8000-normal.log:('Average Area: ', 2350)
logs/areaL/wheat-600-8000-normal.log:('Average Area: ', 2362)
logs/areaL/wheat-800-8000-normal.log:('Average Area: ', 2382)
########################################################################

########################################################################
##################### Wed Aug 16 23:24:29 CDT 2017 #####################
########################################################################
logs/areaL/popcorn-1000-8000-normal.log:('Number of seeds: ', 225)
logs/areaL/popcorn-1200-8000-normal.log:('Number of seeds: ', 225)
logs/areaL/popcorn-200-8000-normal.log:('Number of seeds: ', 225)
logs/areaL/popcorn-400-8000-normal.log:('Number of seeds: ', 225)
logs/areaL/popcorn-600-8000-normal.log:('Number of seeds: ', 225)
logs/areaL/popcorn-800-8000-normal.log:('Number of seeds: ', 225)
logs/areaL/popcorn-1000-8000-normal.log:('Average Area: ', 4091)
logs/areaL/popcorn-1200-8000-normal.log:('Average Area: ', 4098)
logs/areaL/popcorn-200-8000-normal.log:('Average Area: ', 4026)
logs/areaL/popcorn-400-8000-normal.log:('Average Area: ', 4045)
logs/areaL/popcorn-600-8000-normal.log:('Average Area: ', 4052)
logs/areaL/popcorn-800-8000-normal.log:('Average Area: ', 4063)
########################################################################

########################################################################
##################### Wed Aug 16 23:25:08 CDT 2017 #####################
########################################################################
logs/areaL/white-soya-beans-1000-8000-normal.log:('Number of seeds: ', 127)
logs/areaL/white-soya-beans-1200-8000-normal.log:('Number of seeds: ', 127)
logs/areaL/white-soya-beans-200-8000-normal.log:('Number of seeds: ', 127)
logs/areaL/white-soya-beans-400-8000-normal.log:('Number of seeds: ', 127)
logs/areaL/white-soya-beans-600-8000-normal.log:('Number of seeds: ', 127)
logs/areaL/white-soya-beans-800-8000-normal.log:('Number of seeds: ', 127)
logs/areaL/white-soya-beans-1000-8000-normal.log:('Average Area: ', 4741)
logs/areaL/white-soya-beans-1200-8000-normal.log:('Average Area: ', 4772)
logs/areaL/white-soya-beans-200-8000-normal.log:('Average Area: ', 4685)
logs/areaL/white-soya-beans-400-8000-normal.log:('Average Area: ', 4685)
logs/areaL/white-soya-beans-600-8000-normal.log:('Average Area: ', 4718)
logs/areaL/white-soya-beans-800-8000-normal.log:('Average Area: ', 4735)
########################################################################

########################################################################
##################### Wed Aug 16 23:25:45 CDT 2017 #####################
########################################################################
logs/areaL/red-seeds-1000-8000-normal.log:('Number of seeds: ', 258)
logs/areaL/red-seeds-1200-8000-normal.log:('Number of seeds: ', 221)
logs/areaL/red-seeds-200-8000-normal.log:('Number of seeds: ', 298)
logs/areaL/red-seeds-400-8000-normal.log:('Number of seeds: ', 287)
logs/areaL/red-seeds-600-8000-normal.log:('Number of seeds: ', 284)
logs/areaL/red-seeds-800-8000-normal.log:('Number of seeds: ', 273)
logs/areaL/red-seeds-1000-8000-normal.log:('Average Area: ', 1610)
logs/areaL/red-seeds-1200-8000-normal.log:('Average Area: ', 1702)
logs/areaL/red-seeds-200-8000-normal.log:('Average Area: ', 1450)
logs/areaL/red-seeds-400-8000-normal.log:('Average Area: ', 1502)
logs/areaL/red-seeds-600-8000-normal.log:('Average Area: ', 1528)
logs/areaL/red-seeds-800-8000-normal.log:('Average Area: ', 1567)
########################################################################

########################################################################
##################### Wed Aug 16 23:27:21 CDT 2017 #####################
########################################################################
logs/areaL/brown-seeds-1000-8000-normal.log:('Number of seeds: ', 2487)
logs/areaL/brown-seeds-1200-8000-normal.log:('Number of seeds: ', 1979)
logs/areaL/brown-seeds-200-8000-normal.log:('Number of seeds: ', 3312)
logs/areaL/brown-seeds-400-8000-normal.log:('Number of seeds: ', 2891)
logs/areaL/brown-seeds-600-8000-normal.log:('Number of seeds: ', 2769)
logs/areaL/brown-seeds-800-8000-normal.log:('Number of seeds: ', 2823)
logs/areaL/brown-seeds-1000-8000-normal.log:('Average Area: ', 1874)
logs/areaL/brown-seeds-1200-8000-normal.log:('Average Area: ', 2108)
logs/areaL/brown-seeds-200-8000-normal.log:('Average Area: ', 1415)
logs/areaL/brown-seeds-400-8000-normal.log:('Average Area: ', 1539)
logs/areaL/brown-seeds-600-8000-normal.log:('Average Area: ', 1659)
logs/areaL/brown-seeds-800-8000-normal.log:('Average Area: ', 1758)
########################################################################

########################################################################
##################### Wed Aug 16 23:28:09 CDT 2017 #####################
########################################################################
logs/areaL/corn-1000-8000-normal.log:('Number of seeds: ', 44)
logs/areaL/corn-1200-8000-normal.log:('Number of seeds: ', 44)
logs/areaL/corn-200-8000-normal.log:('Number of seeds: ', 51)
logs/areaL/corn-400-8000-normal.log:('Number of seeds: ', 50)
logs/areaL/corn-600-8000-normal.log:('Number of seeds: ', 47)
logs/areaL/corn-800-8000-normal.log:('Number of seeds: ', 44)
logs/areaL/corn-1000-8000-normal.log:('Average Area: ', 3307)
logs/areaL/corn-1200-8000-normal.log:('Average Area: ', 3307)
logs/areaL/corn-200-8000-normal.log:('Average Area: ', 3307)
logs/areaL/corn-400-8000-normal.log:('Average Area: ', 3307)
logs/areaL/corn-600-8000-normal.log:('Average Area: ', 3307)
logs/areaL/corn-800-8000-normal.log:('Average Area: ', 3307)
########################################################################
